
*** Running vivado
    with args -log design_1_wrapper.vds -m64 -product Vivado -mode batch -messageDb vivado.pb -notrace -source design_1_wrapper.tcl


****** Vivado v2018.2 (64-bit)
  **** SW Build 2258646 on Thu Jun 14 20:03:12 MDT 2018
  **** IP Build 2256618 on Thu Jun 14 22:10:49 MDT 2018
    ** Copyright 1986-2018 Xilinx, Inc. All Rights Reserved.

source design_1_wrapper.tcl -notrace
INFO: [IP_Flow 19-234] Refreshing IP repositories
INFO: [IP_Flow 19-1700] Loaded user IP repository 'e:/FPGA_Test/3_Study/nexys_video_microblaze_ov5640_20200321/MIA_IP_LIB'.
INFO: [IP_Flow 19-2313] Loaded Vivado IP repository 'D:/Xilinx/Vivado/2018.2/data/ip'.
add_files: Time (s): cpu = 00:00:10 ; elapsed = 00:00:19 . Memory (MB): peak = 440.930 ; gain = 115.230
Command: synth_design -top design_1_wrapper -part xc7a200tsbg484-1
Starting synth_design
Attempting to get a license for feature 'Synthesis' and/or device 'xc7a200t'
INFO: [Common 17-349] Got license for feature 'Synthesis' and/or device 'xc7a200t'
INFO: Launching helper process for spawning children vivado processes
INFO: Helper process launched with PID 13860 
---------------------------------------------------------------------------------
Starting RTL Elaboration : Time (s): cpu = 00:00:02 ; elapsed = 00:00:02 . Memory (MB): peak = 551.680 ; gain = 103.844
---------------------------------------------------------------------------------
INFO: [Synth 8-6157] synthesizing module 'design_1_wrapper' [E:/FPGA_Test/3_Study/nexys_video_microblaze_ov5640_20200321/project_1/project_1.srcs/sources_1/bd/design_1/hdl/design_1_wrapper.v:12]
INFO: [Synth 8-6157] synthesizing module 'design_1' [E:/FPGA_Test/3_Study/nexys_video_microblaze_ov5640_20200321/project_1/project_1.srcs/sources_1/bd/design_1/synth/design_1.v:13]
INFO: [Synth 8-6157] synthesizing module 'design_1_AXI4_Stream_to_Video_0_0' [E:/FPGA_Test/3_Study/nexys_video_microblaze_ov5640_20200321/project_1/project_1.runs/synth_1/.Xil/Vivado-17024-LAPTOP-HU0R68OD/realtime/design_1_AXI4_Stream_to_Video_0_0_stub.v:6]
INFO: [Synth 8-6155] done synthesizing module 'design_1_AXI4_Stream_to_Video_0_0' (1#1) [E:/FPGA_Test/3_Study/nexys_video_microblaze_ov5640_20200321/project_1/project_1.runs/synth_1/.Xil/Vivado-17024-LAPTOP-HU0R68OD/realtime/design_1_AXI4_Stream_to_Video_0_0_stub.v:6]
WARNING: [Synth 8-350] instance 'AXI4_Stream_to_Video_0' of module 'design_1_AXI4_Stream_to_Video_0_0' requires 20 connections, but only 18 given [E:/FPGA_Test/3_Study/nexys_video_microblaze_ov5640_20200321/project_1/project_1.srcs/sources_1/bd/design_1/synth/design_1.v:430]
INFO: [Synth 8-6157] synthesizing module 'design_1_HDMI_FPGA_ML_0_0' [E:/FPGA_Test/3_Study/nexys_video_microblaze_ov5640_20200321/project_1/project_1.runs/synth_1/.Xil/Vivado-17024-LAPTOP-HU0R68OD/realtime/design_1_HDMI_FPGA_ML_0_0_stub.v:6]
INFO: [Synth 8-6155] done synthesizing module 'design_1_HDMI_FPGA_ML_0_0' (2#1) [E:/FPGA_Test/3_Study/nexys_video_microblaze_ov5640_20200321/project_1/project_1.runs/synth_1/.Xil/Vivado-17024-LAPTOP-HU0R68OD/realtime/design_1_HDMI_FPGA_ML_0_0_stub.v:6]
INFO: [Synth 8-6157] synthesizing module 'design_1_OV_Sensor_ML_0_0' [E:/FPGA_Test/3_Study/nexys_video_microblaze_ov5640_20200321/project_1/project_1.runs/synth_1/.Xil/Vivado-17024-LAPTOP-HU0R68OD/realtime/design_1_OV_Sensor_ML_0_0_stub.v:6]
INFO: [Synth 8-6155] done synthesizing module 'design_1_OV_Sensor_ML_0_0' (3#1) [E:/FPGA_Test/3_Study/nexys_video_microblaze_ov5640_20200321/project_1/project_1.runs/synth_1/.Xil/Vivado-17024-LAPTOP-HU0R68OD/realtime/design_1_OV_Sensor_ML_0_0_stub.v:6]
INFO: [Synth 8-6157] synthesizing module 'design_1_axi_iic_0_0' [E:/FPGA_Test/3_Study/nexys_video_microblaze_ov5640_20200321/project_1/project_1.runs/synth_1/.Xil/Vivado-17024-LAPTOP-HU0R68OD/realtime/design_1_axi_iic_0_0_stub.v:6]
INFO: [Synth 8-6155] done synthesizing module 'design_1_axi_iic_0_0' (4#1) [E:/FPGA_Test/3_Study/nexys_video_microblaze_ov5640_20200321/project_1/project_1.runs/synth_1/.Xil/Vivado-17024-LAPTOP-HU0R68OD/realtime/design_1_axi_iic_0_0_stub.v:6]
WARNING: [Synth 8-350] instance 'axi_iic_0' of module 'design_1_axi_iic_0_0' requires 27 connections, but only 26 given [E:/FPGA_Test/3_Study/nexys_video_microblaze_ov5640_20200321/project_1/project_1.srcs/sources_1/bd/design_1/synth/design_1.v:477]
INFO: [Synth 8-6157] synthesizing module 'design_1_axi_smc_1' [E:/FPGA_Test/3_Study/nexys_video_microblaze_ov5640_20200321/project_1/project_1.runs/synth_1/.Xil/Vivado-17024-LAPTOP-HU0R68OD/realtime/design_1_axi_smc_1_stub.v:6]
INFO: [Synth 8-6155] done synthesizing module 'design_1_axi_smc_1' (5#1) [E:/FPGA_Test/3_Study/nexys_video_microblaze_ov5640_20200321/project_1/project_1.runs/synth_1/.Xil/Vivado-17024-LAPTOP-HU0R68OD/realtime/design_1_axi_smc_1_stub.v:6]
INFO: [Synth 8-6157] synthesizing module 'design_1_axi_uartlite_0_0' [E:/FPGA_Test/3_Study/nexys_video_microblaze_ov5640_20200321/project_1/project_1.runs/synth_1/.Xil/Vivado-17024-LAPTOP-HU0R68OD/realtime/design_1_axi_uartlite_0_0_stub.v:6]
INFO: [Synth 8-6155] done synthesizing module 'design_1_axi_uartlite_0_0' (6#1) [E:/FPGA_Test/3_Study/nexys_video_microblaze_ov5640_20200321/project_1/project_1.runs/synth_1/.Xil/Vivado-17024-LAPTOP-HU0R68OD/realtime/design_1_axi_uartlite_0_0_stub.v:6]
WARNING: [Synth 8-350] instance 'axi_uartlite_0' of module 'design_1_axi_uartlite_0_0' requires 22 connections, but only 21 given [E:/FPGA_Test/3_Study/nexys_video_microblaze_ov5640_20200321/project_1/project_1.srcs/sources_1/bd/design_1/synth/design_1.v:622]
INFO: [Synth 8-6157] synthesizing module 'design_1_axi_vdma_0_0' [E:/FPGA_Test/3_Study/nexys_video_microblaze_ov5640_20200321/project_1/project_1.runs/synth_1/.Xil/Vivado-17024-LAPTOP-HU0R68OD/realtime/design_1_axi_vdma_0_0_stub.v:6]
INFO: [Synth 8-6155] done synthesizing module 'design_1_axi_vdma_0_0' (7#1) [E:/FPGA_Test/3_Study/nexys_video_microblaze_ov5640_20200321/project_1/project_1.runs/synth_1/.Xil/Vivado-17024-LAPTOP-HU0R68OD/realtime/design_1_axi_vdma_0_0_stub.v:6]
WARNING: [Synth 8-350] instance 'axi_vdma_0' of module 'design_1_axi_vdma_0_0' requires 67 connections, but only 62 given [E:/FPGA_Test/3_Study/nexys_video_microblaze_ov5640_20200321/project_1/project_1.srcs/sources_1/bd/design_1/synth/design_1.v:644]
INFO: [Synth 8-6157] synthesizing module 'design_1_clk_wiz_0_0' [E:/FPGA_Test/3_Study/nexys_video_microblaze_ov5640_20200321/project_1/project_1.runs/synth_1/.Xil/Vivado-17024-LAPTOP-HU0R68OD/realtime/design_1_clk_wiz_0_0_stub.v:5]
INFO: [Synth 8-6155] done synthesizing module 'design_1_clk_wiz_0_0' (8#1) [E:/FPGA_Test/3_Study/nexys_video_microblaze_ov5640_20200321/project_1/project_1.runs/synth_1/.Xil/Vivado-17024-LAPTOP-HU0R68OD/realtime/design_1_clk_wiz_0_0_stub.v:5]
INFO: [Synth 8-6157] synthesizing module 'design_1_clk_wiz_1_0' [E:/FPGA_Test/3_Study/nexys_video_microblaze_ov5640_20200321/project_1/project_1.runs/synth_1/.Xil/Vivado-17024-LAPTOP-HU0R68OD/realtime/design_1_clk_wiz_1_0_stub.v:5]
INFO: [Synth 8-6155] done synthesizing module 'design_1_clk_wiz_1_0' (9#1) [E:/FPGA_Test/3_Study/nexys_video_microblaze_ov5640_20200321/project_1/project_1.runs/synth_1/.Xil/Vivado-17024-LAPTOP-HU0R68OD/realtime/design_1_clk_wiz_1_0_stub.v:5]
INFO: [Synth 8-6157] synthesizing module 'design_1_mdm_1_0' [E:/FPGA_Test/3_Study/nexys_video_microblaze_ov5640_20200321/project_1/project_1.runs/synth_1/.Xil/Vivado-17024-LAPTOP-HU0R68OD/realtime/design_1_mdm_1_0_stub.v:6]
INFO: [Synth 8-6155] done synthesizing module 'design_1_mdm_1_0' (10#1) [E:/FPGA_Test/3_Study/nexys_video_microblaze_ov5640_20200321/project_1/project_1.runs/synth_1/.Xil/Vivado-17024-LAPTOP-HU0R68OD/realtime/design_1_mdm_1_0_stub.v:6]
INFO: [Synth 8-6157] synthesizing module 'design_1_microblaze_0_0' [E:/FPGA_Test/3_Study/nexys_video_microblaze_ov5640_20200321/project_1/project_1.runs/synth_1/.Xil/Vivado-17024-LAPTOP-HU0R68OD/realtime/design_1_microblaze_0_0_stub.v:6]
INFO: [Synth 8-6155] done synthesizing module 'design_1_microblaze_0_0' (11#1) [E:/FPGA_Test/3_Study/nexys_video_microblaze_ov5640_20200321/project_1/project_1.runs/synth_1/.Xil/Vivado-17024-LAPTOP-HU0R68OD/realtime/design_1_microblaze_0_0_stub.v:6]
WARNING: [Synth 8-350] instance 'microblaze_0' of module 'design_1_microblaze_0_0' requires 126 connections, but only 108 given [E:/FPGA_Test/3_Study/nexys_video_microblaze_ov5640_20200321/project_1/project_1.srcs/sources_1/bd/design_1/synth/design_1.v:734]
INFO: [Synth 8-6157] synthesizing module 'design_1_microblaze_0_axi_intc_0' [E:/FPGA_Test/3_Study/nexys_video_microblaze_ov5640_20200321/project_1/project_1.runs/synth_1/.Xil/Vivado-17024-LAPTOP-HU0R68OD/realtime/design_1_microblaze_0_axi_intc_0_stub.v:6]
INFO: [Synth 8-6155] done synthesizing module 'design_1_microblaze_0_axi_intc_0' (12#1) [E:/FPGA_Test/3_Study/nexys_video_microblaze_ov5640_20200321/project_1/project_1.runs/synth_1/.Xil/Vivado-17024-LAPTOP-HU0R68OD/realtime/design_1_microblaze_0_axi_intc_0_stub.v:6]
INFO: [Synth 8-6157] synthesizing module 'design_1_microblaze_0_axi_periph_0' [E:/FPGA_Test/3_Study/nexys_video_microblaze_ov5640_20200321/project_1/project_1.srcs/sources_1/bd/design_1/synth/design_1.v:1098]
INFO: [Synth 8-6157] synthesizing module 'm00_couplers_imp_8RVYHO' [E:/FPGA_Test/3_Study/nexys_video_microblaze_ov5640_20200321/project_1/project_1.srcs/sources_1/bd/design_1/synth/design_1.v:1818]
INFO: [Synth 8-6155] done synthesizing module 'm00_couplers_imp_8RVYHO' (13#1) [E:/FPGA_Test/3_Study/nexys_video_microblaze_ov5640_20200321/project_1/project_1.srcs/sources_1/bd/design_1/synth/design_1.v:1818]
INFO: [Synth 8-6157] synthesizing module 'm01_couplers_imp_1UTB3Y5' [E:/FPGA_Test/3_Study/nexys_video_microblaze_ov5640_20200321/project_1/project_1.srcs/sources_1/bd/design_1/synth/design_1.v:1950]
INFO: [Synth 8-6155] done synthesizing module 'm01_couplers_imp_1UTB3Y5' (14#1) [E:/FPGA_Test/3_Study/nexys_video_microblaze_ov5640_20200321/project_1/project_1.srcs/sources_1/bd/design_1/synth/design_1.v:1950]
INFO: [Synth 8-6157] synthesizing module 'm02_couplers_imp_7ANRHB' [E:/FPGA_Test/3_Study/nexys_video_microblaze_ov5640_20200321/project_1/project_1.srcs/sources_1/bd/design_1/synth/design_1.v:2075]
INFO: [Synth 8-6155] done synthesizing module 'm02_couplers_imp_7ANRHB' (15#1) [E:/FPGA_Test/3_Study/nexys_video_microblaze_ov5640_20200321/project_1/project_1.srcs/sources_1/bd/design_1/synth/design_1.v:2075]
INFO: [Synth 8-6157] synthesizing module 'm03_couplers_imp_1W07O72' [E:/FPGA_Test/3_Study/nexys_video_microblaze_ov5640_20200321/project_1/project_1.srcs/sources_1/bd/design_1/synth/design_1.v:2207]
INFO: [Synth 8-6155] done synthesizing module 'm03_couplers_imp_1W07O72' (16#1) [E:/FPGA_Test/3_Study/nexys_video_microblaze_ov5640_20200321/project_1/project_1.srcs/sources_1/bd/design_1/synth/design_1.v:2207]
INFO: [Synth 8-6157] synthesizing module 's00_couplers_imp_1RZP34U' [E:/FPGA_Test/3_Study/nexys_video_microblaze_ov5640_20200321/project_1/project_1.srcs/sources_1/bd/design_1/synth/design_1.v:2573]
INFO: [Synth 8-6155] done synthesizing module 's00_couplers_imp_1RZP34U' (17#1) [E:/FPGA_Test/3_Study/nexys_video_microblaze_ov5640_20200321/project_1/project_1.srcs/sources_1/bd/design_1/synth/design_1.v:2573]
INFO: [Synth 8-6157] synthesizing module 'design_1_xbar_0' [E:/FPGA_Test/3_Study/nexys_video_microblaze_ov5640_20200321/project_1/project_1.runs/synth_1/.Xil/Vivado-17024-LAPTOP-HU0R68OD/realtime/design_1_xbar_0_stub.v:6]
INFO: [Synth 8-6155] done synthesizing module 'design_1_xbar_0' (18#1) [E:/FPGA_Test/3_Study/nexys_video_microblaze_ov5640_20200321/project_1/project_1.runs/synth_1/.Xil/Vivado-17024-LAPTOP-HU0R68OD/realtime/design_1_xbar_0_stub.v:6]
WARNING: [Synth 8-350] instance 'xbar' of module 'design_1_xbar_0' requires 40 connections, but only 38 given [E:/FPGA_Test/3_Study/nexys_video_microblaze_ov5640_20200321/project_1/project_1.srcs/sources_1/bd/design_1/synth/design_1.v:1777]
INFO: [Synth 8-6155] done synthesizing module 'design_1_microblaze_0_axi_periph_0' (19#1) [E:/FPGA_Test/3_Study/nexys_video_microblaze_ov5640_20200321/project_1/project_1.srcs/sources_1/bd/design_1/synth/design_1.v:1098]
INFO: [Synth 8-6157] synthesizing module 'microblaze_0_local_memory_imp_1K0VQXK' [E:/FPGA_Test/3_Study/nexys_video_microblaze_ov5640_20200321/project_1/project_1.srcs/sources_1/bd/design_1/synth/design_1.v:2339]
INFO: [Synth 8-6157] synthesizing module 'design_1_dlmb_bram_if_cntlr_0' [E:/FPGA_Test/3_Study/nexys_video_microblaze_ov5640_20200321/project_1/project_1.runs/synth_1/.Xil/Vivado-17024-LAPTOP-HU0R68OD/realtime/design_1_dlmb_bram_if_cntlr_0_stub.v:6]
INFO: [Synth 8-6155] done synthesizing module 'design_1_dlmb_bram_if_cntlr_0' (20#1) [E:/FPGA_Test/3_Study/nexys_video_microblaze_ov5640_20200321/project_1/project_1.runs/synth_1/.Xil/Vivado-17024-LAPTOP-HU0R68OD/realtime/design_1_dlmb_bram_if_cntlr_0_stub.v:6]
INFO: [Synth 8-6157] synthesizing module 'design_1_dlmb_v10_0' [E:/FPGA_Test/3_Study/nexys_video_microblaze_ov5640_20200321/project_1/project_1.runs/synth_1/.Xil/Vivado-17024-LAPTOP-HU0R68OD/realtime/design_1_dlmb_v10_0_stub.v:6]
INFO: [Synth 8-6155] done synthesizing module 'design_1_dlmb_v10_0' (21#1) [E:/FPGA_Test/3_Study/nexys_video_microblaze_ov5640_20200321/project_1/project_1.runs/synth_1/.Xil/Vivado-17024-LAPTOP-HU0R68OD/realtime/design_1_dlmb_v10_0_stub.v:6]
WARNING: [Synth 8-350] instance 'dlmb_v10' of module 'design_1_dlmb_v10_0' requires 25 connections, but only 24 given [E:/FPGA_Test/3_Study/nexys_video_microblaze_ov5640_20200321/project_1/project_1.srcs/sources_1/bd/design_1/synth/design_1.v:2485]
INFO: [Synth 8-6157] synthesizing module 'design_1_ilmb_bram_if_cntlr_0' [E:/FPGA_Test/3_Study/nexys_video_microblaze_ov5640_20200321/project_1/project_1.runs/synth_1/.Xil/Vivado-17024-LAPTOP-HU0R68OD/realtime/design_1_ilmb_bram_if_cntlr_0_stub.v:6]
INFO: [Synth 8-6155] done synthesizing module 'design_1_ilmb_bram_if_cntlr_0' (22#1) [E:/FPGA_Test/3_Study/nexys_video_microblaze_ov5640_20200321/project_1/project_1.runs/synth_1/.Xil/Vivado-17024-LAPTOP-HU0R68OD/realtime/design_1_ilmb_bram_if_cntlr_0_stub.v:6]
INFO: [Synth 8-6157] synthesizing module 'design_1_ilmb_v10_0' [E:/FPGA_Test/3_Study/nexys_video_microblaze_ov5640_20200321/project_1/project_1.runs/synth_1/.Xil/Vivado-17024-LAPTOP-HU0R68OD/realtime/design_1_ilmb_v10_0_stub.v:6]
INFO: [Synth 8-6155] done synthesizing module 'design_1_ilmb_v10_0' (23#1) [E:/FPGA_Test/3_Study/nexys_video_microblaze_ov5640_20200321/project_1/project_1.runs/synth_1/.Xil/Vivado-17024-LAPTOP-HU0R68OD/realtime/design_1_ilmb_v10_0_stub.v:6]
WARNING: [Synth 8-350] instance 'ilmb_v10' of module 'design_1_ilmb_v10_0' requires 25 connections, but only 24 given [E:/FPGA_Test/3_Study/nexys_video_microblaze_ov5640_20200321/project_1/project_1.srcs/sources_1/bd/design_1/synth/design_1.v:2531]
INFO: [Synth 8-6157] synthesizing module 'design_1_lmb_bram_0' [E:/FPGA_Test/3_Study/nexys_video_microblaze_ov5640_20200321/project_1/project_1.runs/synth_1/.Xil/Vivado-17024-LAPTOP-HU0R68OD/realtime/design_1_lmb_bram_0_stub.v:6]
INFO: [Synth 8-6155] done synthesizing module 'design_1_lmb_bram_0' (24#1) [E:/FPGA_Test/3_Study/nexys_video_microblaze_ov5640_20200321/project_1/project_1.runs/synth_1/.Xil/Vivado-17024-LAPTOP-HU0R68OD/realtime/design_1_lmb_bram_0_stub.v:6]
WARNING: [Synth 8-350] instance 'lmb_bram' of module 'design_1_lmb_bram_0' requires 16 connections, but only 14 given [E:/FPGA_Test/3_Study/nexys_video_microblaze_ov5640_20200321/project_1/project_1.srcs/sources_1/bd/design_1/synth/design_1.v:2556]
INFO: [Synth 8-6155] done synthesizing module 'microblaze_0_local_memory_imp_1K0VQXK' (25#1) [E:/FPGA_Test/3_Study/nexys_video_microblaze_ov5640_20200321/project_1/project_1.srcs/sources_1/bd/design_1/synth/design_1.v:2339]
INFO: [Synth 8-6157] synthesizing module 'design_1_mig_7series_0_0' [E:/FPGA_Test/3_Study/nexys_video_microblaze_ov5640_20200321/project_1/project_1.runs/synth_1/.Xil/Vivado-17024-LAPTOP-HU0R68OD/realtime/design_1_mig_7series_0_0_stub.v:5]
INFO: [Synth 8-6155] done synthesizing module 'design_1_mig_7series_0_0' (26#1) [E:/FPGA_Test/3_Study/nexys_video_microblaze_ov5640_20200321/project_1/project_1.runs/synth_1/.Xil/Vivado-17024-LAPTOP-HU0R68OD/realtime/design_1_mig_7series_0_0_stub.v:5]
WARNING: [Synth 8-350] instance 'mig_7series_0' of module 'design_1_mig_7series_0_0' requires 62 connections, but only 55 given [E:/FPGA_Test/3_Study/nexys_video_microblaze_ov5640_20200321/project_1/project_1.srcs/sources_1/bd/design_1/synth/design_1.v:990]
INFO: [Synth 8-6157] synthesizing module 'design_1_rst_clk_wiz_1_100M_0' [E:/FPGA_Test/3_Study/nexys_video_microblaze_ov5640_20200321/project_1/project_1.runs/synth_1/.Xil/Vivado-17024-LAPTOP-HU0R68OD/realtime/design_1_rst_clk_wiz_1_100M_0_stub.v:6]
INFO: [Synth 8-6155] done synthesizing module 'design_1_rst_clk_wiz_1_100M_0' (27#1) [E:/FPGA_Test/3_Study/nexys_video_microblaze_ov5640_20200321/project_1/project_1.runs/synth_1/.Xil/Vivado-17024-LAPTOP-HU0R68OD/realtime/design_1_rst_clk_wiz_1_100M_0_stub.v:6]
WARNING: [Synth 8-350] instance 'rst_clk_wiz_1_100M' of module 'design_1_rst_clk_wiz_1_100M_0' requires 10 connections, but only 9 given [E:/FPGA_Test/3_Study/nexys_video_microblaze_ov5640_20200321/project_1/project_1.srcs/sources_1/bd/design_1/synth/design_1.v:1046]
INFO: [Synth 8-6157] synthesizing module 'design_1_rst_mig_7series_0_100M_1' [E:/FPGA_Test/3_Study/nexys_video_microblaze_ov5640_20200321/project_1/project_1.runs/synth_1/.Xil/Vivado-17024-LAPTOP-HU0R68OD/realtime/design_1_rst_mig_7series_0_100M_1_stub.v:6]
INFO: [Synth 8-6155] done synthesizing module 'design_1_rst_mig_7series_0_100M_1' (28#1) [E:/FPGA_Test/3_Study/nexys_video_microblaze_ov5640_20200321/project_1/project_1.runs/synth_1/.Xil/Vivado-17024-LAPTOP-HU0R68OD/realtime/design_1_rst_mig_7series_0_100M_1_stub.v:6]
WARNING: [Synth 8-350] instance 'rst_mig_7series_0_100M' of module 'design_1_rst_mig_7series_0_100M_1' requires 10 connections, but only 6 given [E:/FPGA_Test/3_Study/nexys_video_microblaze_ov5640_20200321/project_1/project_1.srcs/sources_1/bd/design_1/synth/design_1.v:1056]
INFO: [Synth 8-6157] synthesizing module 'design_1_util_vector_logic_0_0' [E:/FPGA_Test/3_Study/nexys_video_microblaze_ov5640_20200321/project_1/project_1.runs/synth_1/.Xil/Vivado-17024-LAPTOP-HU0R68OD/realtime/design_1_util_vector_logic_0_0_stub.v:6]
INFO: [Synth 8-6155] done synthesizing module 'design_1_util_vector_logic_0_0' (29#1) [E:/FPGA_Test/3_Study/nexys_video_microblaze_ov5640_20200321/project_1/project_1.runs/synth_1/.Xil/Vivado-17024-LAPTOP-HU0R68OD/realtime/design_1_util_vector_logic_0_0_stub.v:6]
INFO: [Synth 8-6157] synthesizing module 'design_1_v_tc_0_0' [E:/FPGA_Test/3_Study/nexys_video_microblaze_ov5640_20200321/project_1/project_1.runs/synth_1/.Xil/Vivado-17024-LAPTOP-HU0R68OD/realtime/design_1_v_tc_0_0_stub.v:6]
INFO: [Synth 8-6155] done synthesizing module 'design_1_v_tc_0_0' (30#1) [E:/FPGA_Test/3_Study/nexys_video_microblaze_ov5640_20200321/project_1/project_1.runs/synth_1/.Xil/Vivado-17024-LAPTOP-HU0R68OD/realtime/design_1_v_tc_0_0_stub.v:6]
WARNING: [Synth 8-350] instance 'v_tc_0' of module 'design_1_v_tc_0_0' requires 10 connections, but only 9 given [E:/FPGA_Test/3_Study/nexys_video_microblaze_ov5640_20200321/project_1/project_1.srcs/sources_1/bd/design_1/synth/design_1.v:1066]
INFO: [Synth 8-6157] synthesizing module 'design_1_v_vid_in_axi4s_0_0' [E:/FPGA_Test/3_Study/nexys_video_microblaze_ov5640_20200321/project_1/project_1.runs/synth_1/.Xil/Vivado-17024-LAPTOP-HU0R68OD/realtime/design_1_v_vid_in_axi4s_0_0_stub.v:6]
INFO: [Synth 8-6155] done synthesizing module 'design_1_v_vid_in_axi4s_0_0' (31#1) [E:/FPGA_Test/3_Study/nexys_video_microblaze_ov5640_20200321/project_1/project_1.runs/synth_1/.Xil/Vivado-17024-LAPTOP-HU0R68OD/realtime/design_1_v_vid_in_axi4s_0_0_stub.v:6]
WARNING: [Synth 8-350] instance 'v_vid_in_axi4s_0' of module 'design_1_v_vid_in_axi4s_0_0' requires 28 connections, but only 19 given [E:/FPGA_Test/3_Study/nexys_video_microblaze_ov5640_20200321/project_1/project_1.srcs/sources_1/bd/design_1/synth/design_1.v:1076]
INFO: [Synth 8-6155] done synthesizing module 'design_1' (32#1) [E:/FPGA_Test/3_Study/nexys_video_microblaze_ov5640_20200321/project_1/project_1.srcs/sources_1/bd/design_1/synth/design_1.v:13]
INFO: [Synth 8-6157] synthesizing module 'IOBUF' [D:/Xilinx/Vivado/2018.2/scripts/rt/data/unisim_comp.v:22660]
	Parameter DRIVE bound to: 12 - type: integer 
	Parameter IBUF_LOW_PWR bound to: TRUE - type: string 
	Parameter IOSTANDARD bound to: DEFAULT - type: string 
	Parameter SLEW bound to: SLOW - type: string 
INFO: [Synth 8-6155] done synthesizing module 'IOBUF' (33#1) [D:/Xilinx/Vivado/2018.2/scripts/rt/data/unisim_comp.v:22660]
INFO: [Synth 8-6155] done synthesizing module 'design_1_wrapper' (34#1) [E:/FPGA_Test/3_Study/nexys_video_microblaze_ov5640_20200321/project_1/project_1.srcs/sources_1/bd/design_1/hdl/design_1_wrapper.v:12]
WARNING: [Synth 8-3331] design s00_couplers_imp_1RZP34U has unconnected port M_ACLK
WARNING: [Synth 8-3331] design s00_couplers_imp_1RZP34U has unconnected port M_ARESETN
WARNING: [Synth 8-3331] design s00_couplers_imp_1RZP34U has unconnected port S_ACLK
WARNING: [Synth 8-3331] design s00_couplers_imp_1RZP34U has unconnected port S_ARESETN
WARNING: [Synth 8-3331] design m03_couplers_imp_1W07O72 has unconnected port M_ACLK
WARNING: [Synth 8-3331] design m03_couplers_imp_1W07O72 has unconnected port M_ARESETN
WARNING: [Synth 8-3331] design m03_couplers_imp_1W07O72 has unconnected port S_ACLK
WARNING: [Synth 8-3331] design m03_couplers_imp_1W07O72 has unconnected port S_ARESETN
WARNING: [Synth 8-3331] design m02_couplers_imp_7ANRHB has unconnected port M_ACLK
WARNING: [Synth 8-3331] design m02_couplers_imp_7ANRHB has unconnected port M_ARESETN
WARNING: [Synth 8-3331] design m02_couplers_imp_7ANRHB has unconnected port S_ACLK
WARNING: [Synth 8-3331] design m02_couplers_imp_7ANRHB has unconnected port S_ARESETN
WARNING: [Synth 8-3331] design m01_couplers_imp_1UTB3Y5 has unconnected port M_ACLK
WARNING: [Synth 8-3331] design m01_couplers_imp_1UTB3Y5 has unconnected port M_ARESETN
WARNING: [Synth 8-3331] design m01_couplers_imp_1UTB3Y5 has unconnected port S_ACLK
WARNING: [Synth 8-3331] design m01_couplers_imp_1UTB3Y5 has unconnected port S_ARESETN
WARNING: [Synth 8-3331] design m00_couplers_imp_8RVYHO has unconnected port M_ACLK
WARNING: [Synth 8-3331] design m00_couplers_imp_8RVYHO has unconnected port M_ARESETN
WARNING: [Synth 8-3331] design m00_couplers_imp_8RVYHO has unconnected port S_ACLK
WARNING: [Synth 8-3331] design m00_couplers_imp_8RVYHO has unconnected port S_ARESETN
---------------------------------------------------------------------------------
Finished RTL Elaboration : Time (s): cpu = 00:00:03 ; elapsed = 00:00:03 . Memory (MB): peak = 606.176 ; gain = 158.340
---------------------------------------------------------------------------------

Report Check Netlist: 
+------+------------------+-------+---------+-------+------------------+
|      |Item              |Errors |Warnings |Status |Description       |
+------+------------------+-------+---------+-------+------------------+
|1     |multi_driven_nets |      0|        0|Passed |Multi driven nets |
+------+------------------+-------+---------+-------+------------------+
---------------------------------------------------------------------------------
Start Handling Custom Attributes
---------------------------------------------------------------------------------
---------------------------------------------------------------------------------
Finished Handling Custom Attributes : Time (s): cpu = 00:00:03 ; elapsed = 00:00:03 . Memory (MB): peak = 606.176 ; gain = 158.340
---------------------------------------------------------------------------------
---------------------------------------------------------------------------------
Finished RTL Optimization Phase 1 : Time (s): cpu = 00:00:03 ; elapsed = 00:00:03 . Memory (MB): peak = 606.176 ; gain = 158.340
---------------------------------------------------------------------------------
INFO: [Netlist 29-17] Analyzing 2 Unisim elements for replacement
INFO: [Netlist 29-28] Unisim Transformation completed in 0 CPU seconds
INFO: [Device 21-403] Loading part xc7a200tsbg484-1
INFO: [Project 1-570] Preparing netlist for logic optimization

Processing XDC Constraints
Initializing timing engine
Parsing XDC File [e:/FPGA_Test/3_Study/nexys_video_microblaze_ov5640_20200321/project_1/project_1.srcs/sources_1/bd/design_1/ip/design_1_microblaze_0_0/design_1_microblaze_0_0/design_1_microblaze_0_0_in_context.xdc] for cell 'design_1_i/microblaze_0'
Finished Parsing XDC File [e:/FPGA_Test/3_Study/nexys_video_microblaze_ov5640_20200321/project_1/project_1.srcs/sources_1/bd/design_1/ip/design_1_microblaze_0_0/design_1_microblaze_0_0/design_1_microblaze_0_0_in_context.xdc] for cell 'design_1_i/microblaze_0'
Parsing XDC File [e:/FPGA_Test/3_Study/nexys_video_microblaze_ov5640_20200321/project_1/project_1.srcs/sources_1/bd/design_1/ip/design_1_microblaze_0_axi_intc_0/design_1_microblaze_0_axi_intc_0/design_1_microblaze_0_axi_intc_0_in_context.xdc] for cell 'design_1_i/microblaze_0_axi_intc'
Finished Parsing XDC File [e:/FPGA_Test/3_Study/nexys_video_microblaze_ov5640_20200321/project_1/project_1.srcs/sources_1/bd/design_1/ip/design_1_microblaze_0_axi_intc_0/design_1_microblaze_0_axi_intc_0/design_1_microblaze_0_axi_intc_0_in_context.xdc] for cell 'design_1_i/microblaze_0_axi_intc'
Parsing XDC File [e:/FPGA_Test/3_Study/nexys_video_microblaze_ov5640_20200321/project_1/project_1.srcs/sources_1/bd/design_1/ip/design_1_mdm_1_0/design_1_mdm_1_0/design_1_mdm_1_0_in_context.xdc] for cell 'design_1_i/mdm_1'
Finished Parsing XDC File [e:/FPGA_Test/3_Study/nexys_video_microblaze_ov5640_20200321/project_1/project_1.srcs/sources_1/bd/design_1/ip/design_1_mdm_1_0/design_1_mdm_1_0/design_1_mdm_1_0_in_context.xdc] for cell 'design_1_i/mdm_1'
Parsing XDC File [e:/FPGA_Test/3_Study/nexys_video_microblaze_ov5640_20200321/project_1/project_1.srcs/sources_1/bd/design_1/ip/design_1_clk_wiz_1_0/design_1_clk_wiz_1_0/design_1_clk_wiz_1_0_in_context.xdc] for cell 'design_1_i/clk_wiz_1'
Finished Parsing XDC File [e:/FPGA_Test/3_Study/nexys_video_microblaze_ov5640_20200321/project_1/project_1.srcs/sources_1/bd/design_1/ip/design_1_clk_wiz_1_0/design_1_clk_wiz_1_0/design_1_clk_wiz_1_0_in_context.xdc] for cell 'design_1_i/clk_wiz_1'
Parsing XDC File [e:/FPGA_Test/3_Study/nexys_video_microblaze_ov5640_20200321/project_1/project_1.srcs/sources_1/bd/design_1/ip/design_1_rst_clk_wiz_1_100M_0/design_1_rst_clk_wiz_1_100M_0/design_1_rst_clk_wiz_1_100M_0_in_context.xdc] for cell 'design_1_i/rst_clk_wiz_1_100M'
Finished Parsing XDC File [e:/FPGA_Test/3_Study/nexys_video_microblaze_ov5640_20200321/project_1/project_1.srcs/sources_1/bd/design_1/ip/design_1_rst_clk_wiz_1_100M_0/design_1_rst_clk_wiz_1_100M_0/design_1_rst_clk_wiz_1_100M_0_in_context.xdc] for cell 'design_1_i/rst_clk_wiz_1_100M'
Parsing XDC File [e:/FPGA_Test/3_Study/nexys_video_microblaze_ov5640_20200321/project_1/project_1.srcs/sources_1/bd/design_1/ip/design_1_axi_vdma_0_0/design_1_axi_vdma_0_0/design_1_axi_vdma_0_0_in_context.xdc] for cell 'design_1_i/axi_vdma_0'
Finished Parsing XDC File [e:/FPGA_Test/3_Study/nexys_video_microblaze_ov5640_20200321/project_1/project_1.srcs/sources_1/bd/design_1/ip/design_1_axi_vdma_0_0/design_1_axi_vdma_0_0/design_1_axi_vdma_0_0_in_context.xdc] for cell 'design_1_i/axi_vdma_0'
Parsing XDC File [e:/FPGA_Test/3_Study/nexys_video_microblaze_ov5640_20200321/project_1/project_1.srcs/sources_1/bd/design_1/ip/design_1_mig_7series_0_0/design_1_mig_7series_0_0/design_1_mig_7series_0_0_in_context.xdc] for cell 'design_1_i/mig_7series_0'
Finished Parsing XDC File [e:/FPGA_Test/3_Study/nexys_video_microblaze_ov5640_20200321/project_1/project_1.srcs/sources_1/bd/design_1/ip/design_1_mig_7series_0_0/design_1_mig_7series_0_0/design_1_mig_7series_0_0_in_context.xdc] for cell 'design_1_i/mig_7series_0'
Parsing XDC File [e:/FPGA_Test/3_Study/nexys_video_microblaze_ov5640_20200321/project_1/project_1.srcs/sources_1/bd/design_1/ip/design_1_axi_uartlite_0_0/design_1_axi_uartlite_0_0/design_1_axi_uartlite_0_0_in_context.xdc] for cell 'design_1_i/axi_uartlite_0'
Finished Parsing XDC File [e:/FPGA_Test/3_Study/nexys_video_microblaze_ov5640_20200321/project_1/project_1.srcs/sources_1/bd/design_1/ip/design_1_axi_uartlite_0_0/design_1_axi_uartlite_0_0/design_1_axi_uartlite_0_0_in_context.xdc] for cell 'design_1_i/axi_uartlite_0'
Parsing XDC File [e:/FPGA_Test/3_Study/nexys_video_microblaze_ov5640_20200321/project_1/project_1.srcs/sources_1/bd/design_1/ip/design_1_axi_iic_0_0/design_1_axi_iic_0_0/design_1_axi_iic_0_0_in_context.xdc] for cell 'design_1_i/axi_iic_0'
Finished Parsing XDC File [e:/FPGA_Test/3_Study/nexys_video_microblaze_ov5640_20200321/project_1/project_1.srcs/sources_1/bd/design_1/ip/design_1_axi_iic_0_0/design_1_axi_iic_0_0/design_1_axi_iic_0_0_in_context.xdc] for cell 'design_1_i/axi_iic_0'
Parsing XDC File [e:/FPGA_Test/3_Study/nexys_video_microblaze_ov5640_20200321/project_1/project_1.srcs/sources_1/bd/design_1/ip/design_1_axi_smc_1/design_1_axi_smc_1/design_1_axi_smc_1_in_context.xdc] for cell 'design_1_i/axi_smc'
Finished Parsing XDC File [e:/FPGA_Test/3_Study/nexys_video_microblaze_ov5640_20200321/project_1/project_1.srcs/sources_1/bd/design_1/ip/design_1_axi_smc_1/design_1_axi_smc_1/design_1_axi_smc_1_in_context.xdc] for cell 'design_1_i/axi_smc'
Parsing XDC File [e:/FPGA_Test/3_Study/nexys_video_microblaze_ov5640_20200321/project_1/project_1.srcs/sources_1/bd/design_1/ip/design_1_rst_mig_7series_0_100M_1/design_1_rst_mig_7series_0_100M_1/design_1_rst_mig_7series_0_100M_1_in_context.xdc] for cell 'design_1_i/rst_mig_7series_0_100M'
Finished Parsing XDC File [e:/FPGA_Test/3_Study/nexys_video_microblaze_ov5640_20200321/project_1/project_1.srcs/sources_1/bd/design_1/ip/design_1_rst_mig_7series_0_100M_1/design_1_rst_mig_7series_0_100M_1/design_1_rst_mig_7series_0_100M_1_in_context.xdc] for cell 'design_1_i/rst_mig_7series_0_100M'
Parsing XDC File [e:/FPGA_Test/3_Study/nexys_video_microblaze_ov5640_20200321/project_1/project_1.srcs/sources_1/bd/design_1/ip/design_1_HDMI_FPGA_ML_0_0/design_1_HDMI_FPGA_ML_0_0/design_1_HDMI_FPGA_ML_0_0_in_context.xdc] for cell 'design_1_i/HDMI_FPGA_ML_0'
Finished Parsing XDC File [e:/FPGA_Test/3_Study/nexys_video_microblaze_ov5640_20200321/project_1/project_1.srcs/sources_1/bd/design_1/ip/design_1_HDMI_FPGA_ML_0_0/design_1_HDMI_FPGA_ML_0_0/design_1_HDMI_FPGA_ML_0_0_in_context.xdc] for cell 'design_1_i/HDMI_FPGA_ML_0'
Parsing XDC File [e:/FPGA_Test/3_Study/nexys_video_microblaze_ov5640_20200321/project_1/project_1.srcs/sources_1/bd/design_1/ip/design_1_v_tc_0_0/design_1_v_tc_0_0/design_1_v_tc_0_0_in_context.xdc] for cell 'design_1_i/v_tc_0'
Finished Parsing XDC File [e:/FPGA_Test/3_Study/nexys_video_microblaze_ov5640_20200321/project_1/project_1.srcs/sources_1/bd/design_1/ip/design_1_v_tc_0_0/design_1_v_tc_0_0/design_1_v_tc_0_0_in_context.xdc] for cell 'design_1_i/v_tc_0'
Parsing XDC File [e:/FPGA_Test/3_Study/nexys_video_microblaze_ov5640_20200321/project_1/project_1.srcs/sources_1/bd/design_1/ip/design_1_AXI4_Stream_to_Video_0_0/design_1_AXI4_Stream_to_Video_0_0/design_1_AXI4_Stream_to_Video_0_0_in_context.xdc] for cell 'design_1_i/AXI4_Stream_to_Video_0'
Finished Parsing XDC File [e:/FPGA_Test/3_Study/nexys_video_microblaze_ov5640_20200321/project_1/project_1.srcs/sources_1/bd/design_1/ip/design_1_AXI4_Stream_to_Video_0_0/design_1_AXI4_Stream_to_Video_0_0/design_1_AXI4_Stream_to_Video_0_0_in_context.xdc] for cell 'design_1_i/AXI4_Stream_to_Video_0'
Parsing XDC File [e:/FPGA_Test/3_Study/nexys_video_microblaze_ov5640_20200321/project_1/project_1.srcs/sources_1/bd/design_1/ip/design_1_v_vid_in_axi4s_0_0/design_1_v_vid_in_axi4s_0_0/design_1_v_vid_in_axi4s_0_0_in_context.xdc] for cell 'design_1_i/v_vid_in_axi4s_0'
Finished Parsing XDC File [e:/FPGA_Test/3_Study/nexys_video_microblaze_ov5640_20200321/project_1/project_1.srcs/sources_1/bd/design_1/ip/design_1_v_vid_in_axi4s_0_0/design_1_v_vid_in_axi4s_0_0/design_1_v_vid_in_axi4s_0_0_in_context.xdc] for cell 'design_1_i/v_vid_in_axi4s_0'
Parsing XDC File [e:/FPGA_Test/3_Study/nexys_video_microblaze_ov5640_20200321/project_1/project_1.srcs/sources_1/bd/design_1/ip/design_1_OV_Sensor_ML_0_0/design_1_OV_Sensor_ML_0_0/design_1_OV_Sensor_ML_0_0_in_context.xdc] for cell 'design_1_i/OV_Sensor_ML_0'
Finished Parsing XDC File [e:/FPGA_Test/3_Study/nexys_video_microblaze_ov5640_20200321/project_1/project_1.srcs/sources_1/bd/design_1/ip/design_1_OV_Sensor_ML_0_0/design_1_OV_Sensor_ML_0_0/design_1_OV_Sensor_ML_0_0_in_context.xdc] for cell 'design_1_i/OV_Sensor_ML_0'
Parsing XDC File [e:/FPGA_Test/3_Study/nexys_video_microblaze_ov5640_20200321/project_1/project_1.srcs/sources_1/bd/design_1/ip/design_1_clk_wiz_0_0/design_1_clk_wiz_0_0/design_1_clk_wiz_0_0_in_context.xdc] for cell 'design_1_i/clk_wiz_0'
Finished Parsing XDC File [e:/FPGA_Test/3_Study/nexys_video_microblaze_ov5640_20200321/project_1/project_1.srcs/sources_1/bd/design_1/ip/design_1_clk_wiz_0_0/design_1_clk_wiz_0_0/design_1_clk_wiz_0_0_in_context.xdc] for cell 'design_1_i/clk_wiz_0'
Parsing XDC File [e:/FPGA_Test/3_Study/nexys_video_microblaze_ov5640_20200321/project_1/project_1.srcs/sources_1/bd/design_1/ip/design_1_util_vector_logic_0_0/design_1_util_vector_logic_0_0/design_1_util_vector_logic_0_0_in_context.xdc] for cell 'design_1_i/util_vector_logic_0'
Finished Parsing XDC File [e:/FPGA_Test/3_Study/nexys_video_microblaze_ov5640_20200321/project_1/project_1.srcs/sources_1/bd/design_1/ip/design_1_util_vector_logic_0_0/design_1_util_vector_logic_0_0/design_1_util_vector_logic_0_0_in_context.xdc] for cell 'design_1_i/util_vector_logic_0'
Parsing XDC File [e:/FPGA_Test/3_Study/nexys_video_microblaze_ov5640_20200321/project_1/project_1.srcs/sources_1/bd/design_1/ip/design_1_xbar_0/design_1_xbar_0/design_1_xbar_0_in_context.xdc] for cell 'design_1_i/microblaze_0_axi_periph/xbar'
Finished Parsing XDC File [e:/FPGA_Test/3_Study/nexys_video_microblaze_ov5640_20200321/project_1/project_1.srcs/sources_1/bd/design_1/ip/design_1_xbar_0/design_1_xbar_0/design_1_xbar_0_in_context.xdc] for cell 'design_1_i/microblaze_0_axi_periph/xbar'
Parsing XDC File [e:/FPGA_Test/3_Study/nexys_video_microblaze_ov5640_20200321/project_1/project_1.srcs/sources_1/bd/design_1/ip/design_1_dlmb_v10_0/design_1_dlmb_v10_0/design_1_dlmb_v10_0_in_context.xdc] for cell 'design_1_i/microblaze_0_local_memory/dlmb_v10'
Finished Parsing XDC File [e:/FPGA_Test/3_Study/nexys_video_microblaze_ov5640_20200321/project_1/project_1.srcs/sources_1/bd/design_1/ip/design_1_dlmb_v10_0/design_1_dlmb_v10_0/design_1_dlmb_v10_0_in_context.xdc] for cell 'design_1_i/microblaze_0_local_memory/dlmb_v10'
Parsing XDC File [e:/FPGA_Test/3_Study/nexys_video_microblaze_ov5640_20200321/project_1/project_1.srcs/sources_1/bd/design_1/ip/design_1_ilmb_v10_0/design_1_ilmb_v10_0/design_1_dlmb_v10_0_in_context.xdc] for cell 'design_1_i/microblaze_0_local_memory/ilmb_v10'
Finished Parsing XDC File [e:/FPGA_Test/3_Study/nexys_video_microblaze_ov5640_20200321/project_1/project_1.srcs/sources_1/bd/design_1/ip/design_1_ilmb_v10_0/design_1_ilmb_v10_0/design_1_dlmb_v10_0_in_context.xdc] for cell 'design_1_i/microblaze_0_local_memory/ilmb_v10'
Parsing XDC File [e:/FPGA_Test/3_Study/nexys_video_microblaze_ov5640_20200321/project_1/project_1.srcs/sources_1/bd/design_1/ip/design_1_dlmb_bram_if_cntlr_0/design_1_dlmb_bram_if_cntlr_0/design_1_dlmb_bram_if_cntlr_0_in_context.xdc] for cell 'design_1_i/microblaze_0_local_memory/dlmb_bram_if_cntlr'
Finished Parsing XDC File [e:/FPGA_Test/3_Study/nexys_video_microblaze_ov5640_20200321/project_1/project_1.srcs/sources_1/bd/design_1/ip/design_1_dlmb_bram_if_cntlr_0/design_1_dlmb_bram_if_cntlr_0/design_1_dlmb_bram_if_cntlr_0_in_context.xdc] for cell 'design_1_i/microblaze_0_local_memory/dlmb_bram_if_cntlr'
Parsing XDC File [e:/FPGA_Test/3_Study/nexys_video_microblaze_ov5640_20200321/project_1/project_1.srcs/sources_1/bd/design_1/ip/design_1_ilmb_bram_if_cntlr_0/design_1_ilmb_bram_if_cntlr_0/design_1_ilmb_bram_if_cntlr_0_in_context.xdc] for cell 'design_1_i/microblaze_0_local_memory/ilmb_bram_if_cntlr'
Finished Parsing XDC File [e:/FPGA_Test/3_Study/nexys_video_microblaze_ov5640_20200321/project_1/project_1.srcs/sources_1/bd/design_1/ip/design_1_ilmb_bram_if_cntlr_0/design_1_ilmb_bram_if_cntlr_0/design_1_ilmb_bram_if_cntlr_0_in_context.xdc] for cell 'design_1_i/microblaze_0_local_memory/ilmb_bram_if_cntlr'
Parsing XDC File [e:/FPGA_Test/3_Study/nexys_video_microblaze_ov5640_20200321/project_1/project_1.srcs/sources_1/bd/design_1/ip/design_1_lmb_bram_0/design_1_lmb_bram_0/design_1_lmb_bram_0_in_context.xdc] for cell 'design_1_i/microblaze_0_local_memory/lmb_bram'
Finished Parsing XDC File [e:/FPGA_Test/3_Study/nexys_video_microblaze_ov5640_20200321/project_1/project_1.srcs/sources_1/bd/design_1/ip/design_1_lmb_bram_0/design_1_lmb_bram_0/design_1_lmb_bram_0_in_context.xdc] for cell 'design_1_i/microblaze_0_local_memory/lmb_bram'
Parsing XDC File [E:/FPGA_Test/3_Study/nexys_video_microblaze_ov5640_20200321/project_1/project_1.srcs/constrs_1/new/test.xdc]
WARNING: [Vivado 12-584] No ports matched 'clk_in1'. [E:/FPGA_Test/3_Study/nexys_video_microblaze_ov5640_20200321/project_1/project_1.srcs/constrs_1/new/test.xdc:1]
WARNING: [Vivado 12-584] No ports matched 'clk_in1'. [E:/FPGA_Test/3_Study/nexys_video_microblaze_ov5640_20200321/project_1/project_1.srcs/constrs_1/new/test.xdc:2]
WARNING: [Vivado 12-507] No nets matched 'cmos_pclk_i_IBUF'. [E:/FPGA_Test/3_Study/nexys_video_microblaze_ov5640_20200321/project_1/project_1.srcs/constrs_1/new/test.xdc:27]
Finished Parsing XDC File [E:/FPGA_Test/3_Study/nexys_video_microblaze_ov5640_20200321/project_1/project_1.srcs/constrs_1/new/test.xdc]
WARNING: [Project 1-498] One or more constraints failed evaluation while reading constraint file [E:/FPGA_Test/3_Study/nexys_video_microblaze_ov5640_20200321/project_1/project_1.srcs/constrs_1/new/test.xdc] and the design contains unresolved black boxes. These constraints will be read post-synthesis (as long as their source constraint file is marked as used_in_implementation) and should be applied correctly then. You should review the constraints listed in the file [.Xil/design_1_wrapper_propImpl.xdc] and check the run log file to verify that these constraints were correctly applied.
INFO: [Project 1-236] Implementation specific constraints were found while reading constraint file [E:/FPGA_Test/3_Study/nexys_video_microblaze_ov5640_20200321/project_1/project_1.srcs/constrs_1/new/test.xdc]. These constraints will be ignored for synthesis but will be used in implementation. Impacted constraints are listed in the file [.Xil/design_1_wrapper_propImpl.xdc].
Resolution: To avoid this warning, move constraints listed in [.Xil/design_1_wrapper_propImpl.xdc] to another XDC file and exclude this new file from synthesis with the used_in_synthesis property (File Properties dialog in GUI) and re-run elaboration/synthesis.
Parsing XDC File [E:/FPGA_Test/3_Study/nexys_video_microblaze_ov5640_20200321/project_1/project_1.runs/synth_1/dont_touch.xdc]
Finished Parsing XDC File [E:/FPGA_Test/3_Study/nexys_video_microblaze_ov5640_20200321/project_1/project_1.runs/synth_1/dont_touch.xdc]
Completed Processing XDC Constraints

INFO: [Project 1-111] Unisim Transformation Summary:
  A total of 2 instances were transformed.
  IOBUF => IOBUF (IBUF, OBUFT): 2 instances

Constraint Validation Runtime : Time (s): cpu = 00:00:00 ; elapsed = 00:00:00.010 . Memory (MB): peak = 961.391 ; gain = 0.000
WARNING: [Timing 38-316] Clock period '10.000' specified during out-of-context synthesis of instance 'design_1_i/axi_vdma_0' at clock pin 'm_axi_mm2s_aclk' is different from the actual clock period '6.667', this can lead to different synthesis results.
WARNING: [Timing 38-316] Clock period '20.000' specified during out-of-context synthesis of instance 'design_1_i/microblaze_0_local_memory/lmb_bram' at clock pin 'clka' is different from the actual clock period '6.667', this can lead to different synthesis results.
---------------------------------------------------------------------------------
Finished Constraint Validation : Time (s): cpu = 00:00:12 ; elapsed = 00:00:14 . Memory (MB): peak = 961.391 ; gain = 513.555
---------------------------------------------------------------------------------
---------------------------------------------------------------------------------
Start Loading Part and Timing Information
---------------------------------------------------------------------------------
Loading part: xc7a200tsbg484-1
---------------------------------------------------------------------------------
Finished Loading Part and Timing Information : Time (s): cpu = 00:00:12 ; elapsed = 00:00:14 . Memory (MB): peak = 961.391 ; gain = 513.555
---------------------------------------------------------------------------------
---------------------------------------------------------------------------------
Start Applying 'set_property' XDC Constraints
---------------------------------------------------------------------------------
Applied set_property IO_BUFFER_TYPE = NONE for sys_clock. (constraint file  e:/FPGA_Test/3_Study/nexys_video_microblaze_ov5640_20200321/project_1/project_1.srcs/sources_1/bd/design_1/ip/design_1_clk_wiz_1_0/design_1_clk_wiz_1_0/design_1_clk_wiz_1_0_in_context.xdc, line 5).
Applied set_property CLOCK_BUFFER_TYPE = NONE for sys_clock. (constraint file  e:/FPGA_Test/3_Study/nexys_video_microblaze_ov5640_20200321/project_1/project_1.srcs/sources_1/bd/design_1/ip/design_1_clk_wiz_1_0/design_1_clk_wiz_1_0/design_1_clk_wiz_1_0_in_context.xdc, line 6).
Applied set_property IO_BUFFER_TYPE = NONE for DDR3_addr[0]. (constraint file  e:/FPGA_Test/3_Study/nexys_video_microblaze_ov5640_20200321/project_1/project_1.srcs/sources_1/bd/design_1/ip/design_1_mig_7series_0_0/design_1_mig_7series_0_0/design_1_mig_7series_0_0_in_context.xdc, line 2).
Applied set_property CLOCK_BUFFER_TYPE = NONE for DDR3_addr[0]. (constraint file  e:/FPGA_Test/3_Study/nexys_video_microblaze_ov5640_20200321/project_1/project_1.srcs/sources_1/bd/design_1/ip/design_1_mig_7series_0_0/design_1_mig_7series_0_0/design_1_mig_7series_0_0_in_context.xdc, line 3).
Applied set_property IO_BUFFER_TYPE = NONE for DDR3_addr[10]. (constraint file  e:/FPGA_Test/3_Study/nexys_video_microblaze_ov5640_20200321/project_1/project_1.srcs/sources_1/bd/design_1/ip/design_1_mig_7series_0_0/design_1_mig_7series_0_0/design_1_mig_7series_0_0_in_context.xdc, line 4).
Applied set_property CLOCK_BUFFER_TYPE = NONE for DDR3_addr[10]. (constraint file  e:/FPGA_Test/3_Study/nexys_video_microblaze_ov5640_20200321/project_1/project_1.srcs/sources_1/bd/design_1/ip/design_1_mig_7series_0_0/design_1_mig_7series_0_0/design_1_mig_7series_0_0_in_context.xdc, line 5).
Applied set_property IO_BUFFER_TYPE = NONE for DDR3_addr[11]. (constraint file  e:/FPGA_Test/3_Study/nexys_video_microblaze_ov5640_20200321/project_1/project_1.srcs/sources_1/bd/design_1/ip/design_1_mig_7series_0_0/design_1_mig_7series_0_0/design_1_mig_7series_0_0_in_context.xdc, line 6).
Applied set_property CLOCK_BUFFER_TYPE = NONE for DDR3_addr[11]. (constraint file  e:/FPGA_Test/3_Study/nexys_video_microblaze_ov5640_20200321/project_1/project_1.srcs/sources_1/bd/design_1/ip/design_1_mig_7series_0_0/design_1_mig_7series_0_0/design_1_mig_7series_0_0_in_context.xdc, line 7).
Applied set_property IO_BUFFER_TYPE = NONE for DDR3_addr[12]. (constraint file  e:/FPGA_Test/3_Study/nexys_video_microblaze_ov5640_20200321/project_1/project_1.srcs/sources_1/bd/design_1/ip/design_1_mig_7series_0_0/design_1_mig_7series_0_0/design_1_mig_7series_0_0_in_context.xdc, line 8).
Applied set_property CLOCK_BUFFER_TYPE = NONE for DDR3_addr[12]. (constraint file  e:/FPGA_Test/3_Study/nexys_video_microblaze_ov5640_20200321/project_1/project_1.srcs/sources_1/bd/design_1/ip/design_1_mig_7series_0_0/design_1_mig_7series_0_0/design_1_mig_7series_0_0_in_context.xdc, line 9).
Applied set_property IO_BUFFER_TYPE = NONE for DDR3_addr[13]. (constraint file  e:/FPGA_Test/3_Study/nexys_video_microblaze_ov5640_20200321/project_1/project_1.srcs/sources_1/bd/design_1/ip/design_1_mig_7series_0_0/design_1_mig_7series_0_0/design_1_mig_7series_0_0_in_context.xdc, line 10).
Applied set_property CLOCK_BUFFER_TYPE = NONE for DDR3_addr[13]. (constraint file  e:/FPGA_Test/3_Study/nexys_video_microblaze_ov5640_20200321/project_1/project_1.srcs/sources_1/bd/design_1/ip/design_1_mig_7series_0_0/design_1_mig_7series_0_0/design_1_mig_7series_0_0_in_context.xdc, line 11).
Applied set_property IO_BUFFER_TYPE = NONE for DDR3_addr[14]. (constraint file  e:/FPGA_Test/3_Study/nexys_video_microblaze_ov5640_20200321/project_1/project_1.srcs/sources_1/bd/design_1/ip/design_1_mig_7series_0_0/design_1_mig_7series_0_0/design_1_mig_7series_0_0_in_context.xdc, line 12).
Applied set_property CLOCK_BUFFER_TYPE = NONE for DDR3_addr[14]. (constraint file  e:/FPGA_Test/3_Study/nexys_video_microblaze_ov5640_20200321/project_1/project_1.srcs/sources_1/bd/design_1/ip/design_1_mig_7series_0_0/design_1_mig_7series_0_0/design_1_mig_7series_0_0_in_context.xdc, line 13).
Applied set_property IO_BUFFER_TYPE = NONE for DDR3_addr[1]. (constraint file  e:/FPGA_Test/3_Study/nexys_video_microblaze_ov5640_20200321/project_1/project_1.srcs/sources_1/bd/design_1/ip/design_1_mig_7series_0_0/design_1_mig_7series_0_0/design_1_mig_7series_0_0_in_context.xdc, line 14).
Applied set_property CLOCK_BUFFER_TYPE = NONE for DDR3_addr[1]. (constraint file  e:/FPGA_Test/3_Study/nexys_video_microblaze_ov5640_20200321/project_1/project_1.srcs/sources_1/bd/design_1/ip/design_1_mig_7series_0_0/design_1_mig_7series_0_0/design_1_mig_7series_0_0_in_context.xdc, line 15).
Applied set_property IO_BUFFER_TYPE = NONE for DDR3_addr[2]. (constraint file  e:/FPGA_Test/3_Study/nexys_video_microblaze_ov5640_20200321/project_1/project_1.srcs/sources_1/bd/design_1/ip/design_1_mig_7series_0_0/design_1_mig_7series_0_0/design_1_mig_7series_0_0_in_context.xdc, line 16).
Applied set_property CLOCK_BUFFER_TYPE = NONE for DDR3_addr[2]. (constraint file  e:/FPGA_Test/3_Study/nexys_video_microblaze_ov5640_20200321/project_1/project_1.srcs/sources_1/bd/design_1/ip/design_1_mig_7series_0_0/design_1_mig_7series_0_0/design_1_mig_7series_0_0_in_context.xdc, line 17).
Applied set_property IO_BUFFER_TYPE = NONE for DDR3_addr[3]. (constraint file  e:/FPGA_Test/3_Study/nexys_video_microblaze_ov5640_20200321/project_1/project_1.srcs/sources_1/bd/design_1/ip/design_1_mig_7series_0_0/design_1_mig_7series_0_0/design_1_mig_7series_0_0_in_context.xdc, line 18).
Applied set_property CLOCK_BUFFER_TYPE = NONE for DDR3_addr[3]. (constraint file  e:/FPGA_Test/3_Study/nexys_video_microblaze_ov5640_20200321/project_1/project_1.srcs/sources_1/bd/design_1/ip/design_1_mig_7series_0_0/design_1_mig_7series_0_0/design_1_mig_7series_0_0_in_context.xdc, line 19).
Applied set_property IO_BUFFER_TYPE = NONE for DDR3_addr[4]. (constraint file  e:/FPGA_Test/3_Study/nexys_video_microblaze_ov5640_20200321/project_1/project_1.srcs/sources_1/bd/design_1/ip/design_1_mig_7series_0_0/design_1_mig_7series_0_0/design_1_mig_7series_0_0_in_context.xdc, line 20).
Applied set_property CLOCK_BUFFER_TYPE = NONE for DDR3_addr[4]. (constraint file  e:/FPGA_Test/3_Study/nexys_video_microblaze_ov5640_20200321/project_1/project_1.srcs/sources_1/bd/design_1/ip/design_1_mig_7series_0_0/design_1_mig_7series_0_0/design_1_mig_7series_0_0_in_context.xdc, line 21).
Applied set_property IO_BUFFER_TYPE = NONE for DDR3_addr[5]. (constraint file  e:/FPGA_Test/3_Study/nexys_video_microblaze_ov5640_20200321/project_1/project_1.srcs/sources_1/bd/design_1/ip/design_1_mig_7series_0_0/design_1_mig_7series_0_0/design_1_mig_7series_0_0_in_context.xdc, line 22).
Applied set_property CLOCK_BUFFER_TYPE = NONE for DDR3_addr[5]. (constraint file  e:/FPGA_Test/3_Study/nexys_video_microblaze_ov5640_20200321/project_1/project_1.srcs/sources_1/bd/design_1/ip/design_1_mig_7series_0_0/design_1_mig_7series_0_0/design_1_mig_7series_0_0_in_context.xdc, line 23).
Applied set_property IO_BUFFER_TYPE = NONE for DDR3_addr[6]. (constraint file  e:/FPGA_Test/3_Study/nexys_video_microblaze_ov5640_20200321/project_1/project_1.srcs/sources_1/bd/design_1/ip/design_1_mig_7series_0_0/design_1_mig_7series_0_0/design_1_mig_7series_0_0_in_context.xdc, line 24).
Applied set_property CLOCK_BUFFER_TYPE = NONE for DDR3_addr[6]. (constraint file  e:/FPGA_Test/3_Study/nexys_video_microblaze_ov5640_20200321/project_1/project_1.srcs/sources_1/bd/design_1/ip/design_1_mig_7series_0_0/design_1_mig_7series_0_0/design_1_mig_7series_0_0_in_context.xdc, line 25).
Applied set_property IO_BUFFER_TYPE = NONE for DDR3_addr[7]. (constraint file  e:/FPGA_Test/3_Study/nexys_video_microblaze_ov5640_20200321/project_1/project_1.srcs/sources_1/bd/design_1/ip/design_1_mig_7series_0_0/design_1_mig_7series_0_0/design_1_mig_7series_0_0_in_context.xdc, line 26).
Applied set_property CLOCK_BUFFER_TYPE = NONE for DDR3_addr[7]. (constraint file  e:/FPGA_Test/3_Study/nexys_video_microblaze_ov5640_20200321/project_1/project_1.srcs/sources_1/bd/design_1/ip/design_1_mig_7series_0_0/design_1_mig_7series_0_0/design_1_mig_7series_0_0_in_context.xdc, line 27).
Applied set_property IO_BUFFER_TYPE = NONE for DDR3_addr[8]. (constraint file  e:/FPGA_Test/3_Study/nexys_video_microblaze_ov5640_20200321/project_1/project_1.srcs/sources_1/bd/design_1/ip/design_1_mig_7series_0_0/design_1_mig_7series_0_0/design_1_mig_7series_0_0_in_context.xdc, line 28).
Applied set_property CLOCK_BUFFER_TYPE = NONE for DDR3_addr[8]. (constraint file  e:/FPGA_Test/3_Study/nexys_video_microblaze_ov5640_20200321/project_1/project_1.srcs/sources_1/bd/design_1/ip/design_1_mig_7series_0_0/design_1_mig_7series_0_0/design_1_mig_7series_0_0_in_context.xdc, line 29).
Applied set_property IO_BUFFER_TYPE = NONE for DDR3_addr[9]. (constraint file  e:/FPGA_Test/3_Study/nexys_video_microblaze_ov5640_20200321/project_1/project_1.srcs/sources_1/bd/design_1/ip/design_1_mig_7series_0_0/design_1_mig_7series_0_0/design_1_mig_7series_0_0_in_context.xdc, line 30).
Applied set_property CLOCK_BUFFER_TYPE = NONE for DDR3_addr[9]. (constraint file  e:/FPGA_Test/3_Study/nexys_video_microblaze_ov5640_20200321/project_1/project_1.srcs/sources_1/bd/design_1/ip/design_1_mig_7series_0_0/design_1_mig_7series_0_0/design_1_mig_7series_0_0_in_context.xdc, line 31).
Applied set_property IO_BUFFER_TYPE = NONE for DDR3_ba[0]. (constraint file  e:/FPGA_Test/3_Study/nexys_video_microblaze_ov5640_20200321/project_1/project_1.srcs/sources_1/bd/design_1/ip/design_1_mig_7series_0_0/design_1_mig_7series_0_0/design_1_mig_7series_0_0_in_context.xdc, line 32).
Applied set_property CLOCK_BUFFER_TYPE = NONE for DDR3_ba[0]. (constraint file  e:/FPGA_Test/3_Study/nexys_video_microblaze_ov5640_20200321/project_1/project_1.srcs/sources_1/bd/design_1/ip/design_1_mig_7series_0_0/design_1_mig_7series_0_0/design_1_mig_7series_0_0_in_context.xdc, line 33).
Applied set_property IO_BUFFER_TYPE = NONE for DDR3_ba[1]. (constraint file  e:/FPGA_Test/3_Study/nexys_video_microblaze_ov5640_20200321/project_1/project_1.srcs/sources_1/bd/design_1/ip/design_1_mig_7series_0_0/design_1_mig_7series_0_0/design_1_mig_7series_0_0_in_context.xdc, line 34).
Applied set_property CLOCK_BUFFER_TYPE = NONE for DDR3_ba[1]. (constraint file  e:/FPGA_Test/3_Study/nexys_video_microblaze_ov5640_20200321/project_1/project_1.srcs/sources_1/bd/design_1/ip/design_1_mig_7series_0_0/design_1_mig_7series_0_0/design_1_mig_7series_0_0_in_context.xdc, line 35).
Applied set_property IO_BUFFER_TYPE = NONE for DDR3_ba[2]. (constraint file  e:/FPGA_Test/3_Study/nexys_video_microblaze_ov5640_20200321/project_1/project_1.srcs/sources_1/bd/design_1/ip/design_1_mig_7series_0_0/design_1_mig_7series_0_0/design_1_mig_7series_0_0_in_context.xdc, line 36).
Applied set_property CLOCK_BUFFER_TYPE = NONE for DDR3_ba[2]. (constraint file  e:/FPGA_Test/3_Study/nexys_video_microblaze_ov5640_20200321/project_1/project_1.srcs/sources_1/bd/design_1/ip/design_1_mig_7series_0_0/design_1_mig_7series_0_0/design_1_mig_7series_0_0_in_context.xdc, line 37).
Applied set_property IO_BUFFER_TYPE = NONE for DDR3_cas_n. (constraint file  e:/FPGA_Test/3_Study/nexys_video_microblaze_ov5640_20200321/project_1/project_1.srcs/sources_1/bd/design_1/ip/design_1_mig_7series_0_0/design_1_mig_7series_0_0/design_1_mig_7series_0_0_in_context.xdc, line 38).
Applied set_property CLOCK_BUFFER_TYPE = NONE for DDR3_cas_n. (constraint file  e:/FPGA_Test/3_Study/nexys_video_microblaze_ov5640_20200321/project_1/project_1.srcs/sources_1/bd/design_1/ip/design_1_mig_7series_0_0/design_1_mig_7series_0_0/design_1_mig_7series_0_0_in_context.xdc, line 39).
Applied set_property IO_BUFFER_TYPE = NONE for DDR3_ck_n[0]. (constraint file  e:/FPGA_Test/3_Study/nexys_video_microblaze_ov5640_20200321/project_1/project_1.srcs/sources_1/bd/design_1/ip/design_1_mig_7series_0_0/design_1_mig_7series_0_0/design_1_mig_7series_0_0_in_context.xdc, line 40).
Applied set_property CLOCK_BUFFER_TYPE = NONE for DDR3_ck_n[0]. (constraint file  e:/FPGA_Test/3_Study/nexys_video_microblaze_ov5640_20200321/project_1/project_1.srcs/sources_1/bd/design_1/ip/design_1_mig_7series_0_0/design_1_mig_7series_0_0/design_1_mig_7series_0_0_in_context.xdc, line 41).
Applied set_property IO_BUFFER_TYPE = NONE for DDR3_ck_p[0]. (constraint file  e:/FPGA_Test/3_Study/nexys_video_microblaze_ov5640_20200321/project_1/project_1.srcs/sources_1/bd/design_1/ip/design_1_mig_7series_0_0/design_1_mig_7series_0_0/design_1_mig_7series_0_0_in_context.xdc, line 42).
Applied set_property CLOCK_BUFFER_TYPE = NONE for DDR3_ck_p[0]. (constraint file  e:/FPGA_Test/3_Study/nexys_video_microblaze_ov5640_20200321/project_1/project_1.srcs/sources_1/bd/design_1/ip/design_1_mig_7series_0_0/design_1_mig_7series_0_0/design_1_mig_7series_0_0_in_context.xdc, line 43).
Applied set_property IO_BUFFER_TYPE = NONE for DDR3_cke[0]. (constraint file  e:/FPGA_Test/3_Study/nexys_video_microblaze_ov5640_20200321/project_1/project_1.srcs/sources_1/bd/design_1/ip/design_1_mig_7series_0_0/design_1_mig_7series_0_0/design_1_mig_7series_0_0_in_context.xdc, line 44).
Applied set_property CLOCK_BUFFER_TYPE = NONE for DDR3_cke[0]. (constraint file  e:/FPGA_Test/3_Study/nexys_video_microblaze_ov5640_20200321/project_1/project_1.srcs/sources_1/bd/design_1/ip/design_1_mig_7series_0_0/design_1_mig_7series_0_0/design_1_mig_7series_0_0_in_context.xdc, line 45).
Applied set_property IO_BUFFER_TYPE = NONE for DDR3_dm[0]. (constraint file  e:/FPGA_Test/3_Study/nexys_video_microblaze_ov5640_20200321/project_1/project_1.srcs/sources_1/bd/design_1/ip/design_1_mig_7series_0_0/design_1_mig_7series_0_0/design_1_mig_7series_0_0_in_context.xdc, line 46).
Applied set_property CLOCK_BUFFER_TYPE = NONE for DDR3_dm[0]. (constraint file  e:/FPGA_Test/3_Study/nexys_video_microblaze_ov5640_20200321/project_1/project_1.srcs/sources_1/bd/design_1/ip/design_1_mig_7series_0_0/design_1_mig_7series_0_0/design_1_mig_7series_0_0_in_context.xdc, line 47).
Applied set_property IO_BUFFER_TYPE = NONE for DDR3_dm[1]. (constraint file  e:/FPGA_Test/3_Study/nexys_video_microblaze_ov5640_20200321/project_1/project_1.srcs/sources_1/bd/design_1/ip/design_1_mig_7series_0_0/design_1_mig_7series_0_0/design_1_mig_7series_0_0_in_context.xdc, line 48).
Applied set_property CLOCK_BUFFER_TYPE = NONE for DDR3_dm[1]. (constraint file  e:/FPGA_Test/3_Study/nexys_video_microblaze_ov5640_20200321/project_1/project_1.srcs/sources_1/bd/design_1/ip/design_1_mig_7series_0_0/design_1_mig_7series_0_0/design_1_mig_7series_0_0_in_context.xdc, line 49).
Applied set_property IO_BUFFER_TYPE = NONE for DDR3_dq[0]. (constraint file  e:/FPGA_Test/3_Study/nexys_video_microblaze_ov5640_20200321/project_1/project_1.srcs/sources_1/bd/design_1/ip/design_1_mig_7series_0_0/design_1_mig_7series_0_0/design_1_mig_7series_0_0_in_context.xdc, line 50).
Applied set_property CLOCK_BUFFER_TYPE = NONE for DDR3_dq[0]. (constraint file  e:/FPGA_Test/3_Study/nexys_video_microblaze_ov5640_20200321/project_1/project_1.srcs/sources_1/bd/design_1/ip/design_1_mig_7series_0_0/design_1_mig_7series_0_0/design_1_mig_7series_0_0_in_context.xdc, line 51).
Applied set_property IO_BUFFER_TYPE = NONE for DDR3_dq[10]. (constraint file  e:/FPGA_Test/3_Study/nexys_video_microblaze_ov5640_20200321/project_1/project_1.srcs/sources_1/bd/design_1/ip/design_1_mig_7series_0_0/design_1_mig_7series_0_0/design_1_mig_7series_0_0_in_context.xdc, line 52).
Applied set_property CLOCK_BUFFER_TYPE = NONE for DDR3_dq[10]. (constraint file  e:/FPGA_Test/3_Study/nexys_video_microblaze_ov5640_20200321/project_1/project_1.srcs/sources_1/bd/design_1/ip/design_1_mig_7series_0_0/design_1_mig_7series_0_0/design_1_mig_7series_0_0_in_context.xdc, line 53).
Applied set_property IO_BUFFER_TYPE = NONE for DDR3_dq[11]. (constraint file  e:/FPGA_Test/3_Study/nexys_video_microblaze_ov5640_20200321/project_1/project_1.srcs/sources_1/bd/design_1/ip/design_1_mig_7series_0_0/design_1_mig_7series_0_0/design_1_mig_7series_0_0_in_context.xdc, line 54).
Applied set_property CLOCK_BUFFER_TYPE = NONE for DDR3_dq[11]. (constraint file  e:/FPGA_Test/3_Study/nexys_video_microblaze_ov5640_20200321/project_1/project_1.srcs/sources_1/bd/design_1/ip/design_1_mig_7series_0_0/design_1_mig_7series_0_0/design_1_mig_7series_0_0_in_context.xdc, line 55).
Applied set_property IO_BUFFER_TYPE = NONE for DDR3_dq[12]. (constraint file  e:/FPGA_Test/3_Study/nexys_video_microblaze_ov5640_20200321/project_1/project_1.srcs/sources_1/bd/design_1/ip/design_1_mig_7series_0_0/design_1_mig_7series_0_0/design_1_mig_7series_0_0_in_context.xdc, line 56).
Applied set_property CLOCK_BUFFER_TYPE = NONE for DDR3_dq[12]. (constraint file  e:/FPGA_Test/3_Study/nexys_video_microblaze_ov5640_20200321/project_1/project_1.srcs/sources_1/bd/design_1/ip/design_1_mig_7series_0_0/design_1_mig_7series_0_0/design_1_mig_7series_0_0_in_context.xdc, line 57).
Applied set_property IO_BUFFER_TYPE = NONE for DDR3_dq[13]. (constraint file  e:/FPGA_Test/3_Study/nexys_video_microblaze_ov5640_20200321/project_1/project_1.srcs/sources_1/bd/design_1/ip/design_1_mig_7series_0_0/design_1_mig_7series_0_0/design_1_mig_7series_0_0_in_context.xdc, line 58).
Applied set_property CLOCK_BUFFER_TYPE = NONE for DDR3_dq[13]. (constraint file  e:/FPGA_Test/3_Study/nexys_video_microblaze_ov5640_20200321/project_1/project_1.srcs/sources_1/bd/design_1/ip/design_1_mig_7series_0_0/design_1_mig_7series_0_0/design_1_mig_7series_0_0_in_context.xdc, line 59).
Applied set_property IO_BUFFER_TYPE = NONE for DDR3_dq[14]. (constraint file  e:/FPGA_Test/3_Study/nexys_video_microblaze_ov5640_20200321/project_1/project_1.srcs/sources_1/bd/design_1/ip/design_1_mig_7series_0_0/design_1_mig_7series_0_0/design_1_mig_7series_0_0_in_context.xdc, line 60).
Applied set_property CLOCK_BUFFER_TYPE = NONE for DDR3_dq[14]. (constraint file  e:/FPGA_Test/3_Study/nexys_video_microblaze_ov5640_20200321/project_1/project_1.srcs/sources_1/bd/design_1/ip/design_1_mig_7series_0_0/design_1_mig_7series_0_0/design_1_mig_7series_0_0_in_context.xdc, line 61).
Applied set_property IO_BUFFER_TYPE = NONE for DDR3_dq[15]. (constraint file  e:/FPGA_Test/3_Study/nexys_video_microblaze_ov5640_20200321/project_1/project_1.srcs/sources_1/bd/design_1/ip/design_1_mig_7series_0_0/design_1_mig_7series_0_0/design_1_mig_7series_0_0_in_context.xdc, line 62).
Applied set_property CLOCK_BUFFER_TYPE = NONE for DDR3_dq[15]. (constraint file  e:/FPGA_Test/3_Study/nexys_video_microblaze_ov5640_20200321/project_1/project_1.srcs/sources_1/bd/design_1/ip/design_1_mig_7series_0_0/design_1_mig_7series_0_0/design_1_mig_7series_0_0_in_context.xdc, line 63).
Applied set_property IO_BUFFER_TYPE = NONE for DDR3_dq[1]. (constraint file  e:/FPGA_Test/3_Study/nexys_video_microblaze_ov5640_20200321/project_1/project_1.srcs/sources_1/bd/design_1/ip/design_1_mig_7series_0_0/design_1_mig_7series_0_0/design_1_mig_7series_0_0_in_context.xdc, line 64).
Applied set_property CLOCK_BUFFER_TYPE = NONE for DDR3_dq[1]. (constraint file  e:/FPGA_Test/3_Study/nexys_video_microblaze_ov5640_20200321/project_1/project_1.srcs/sources_1/bd/design_1/ip/design_1_mig_7series_0_0/design_1_mig_7series_0_0/design_1_mig_7series_0_0_in_context.xdc, line 65).
Applied set_property IO_BUFFER_TYPE = NONE for DDR3_dq[2]. (constraint file  e:/FPGA_Test/3_Study/nexys_video_microblaze_ov5640_20200321/project_1/project_1.srcs/sources_1/bd/design_1/ip/design_1_mig_7series_0_0/design_1_mig_7series_0_0/design_1_mig_7series_0_0_in_context.xdc, line 66).
Applied set_property CLOCK_BUFFER_TYPE = NONE for DDR3_dq[2]. (constraint file  e:/FPGA_Test/3_Study/nexys_video_microblaze_ov5640_20200321/project_1/project_1.srcs/sources_1/bd/design_1/ip/design_1_mig_7series_0_0/design_1_mig_7series_0_0/design_1_mig_7series_0_0_in_context.xdc, line 67).
Applied set_property IO_BUFFER_TYPE = NONE for DDR3_dq[3]. (constraint file  e:/FPGA_Test/3_Study/nexys_video_microblaze_ov5640_20200321/project_1/project_1.srcs/sources_1/bd/design_1/ip/design_1_mig_7series_0_0/design_1_mig_7series_0_0/design_1_mig_7series_0_0_in_context.xdc, line 68).
Applied set_property CLOCK_BUFFER_TYPE = NONE for DDR3_dq[3]. (constraint file  e:/FPGA_Test/3_Study/nexys_video_microblaze_ov5640_20200321/project_1/project_1.srcs/sources_1/bd/design_1/ip/design_1_mig_7series_0_0/design_1_mig_7series_0_0/design_1_mig_7series_0_0_in_context.xdc, line 69).
Applied set_property IO_BUFFER_TYPE = NONE for DDR3_dq[4]. (constraint file  e:/FPGA_Test/3_Study/nexys_video_microblaze_ov5640_20200321/project_1/project_1.srcs/sources_1/bd/design_1/ip/design_1_mig_7series_0_0/design_1_mig_7series_0_0/design_1_mig_7series_0_0_in_context.xdc, line 70).
Applied set_property CLOCK_BUFFER_TYPE = NONE for DDR3_dq[4]. (constraint file  e:/FPGA_Test/3_Study/nexys_video_microblaze_ov5640_20200321/project_1/project_1.srcs/sources_1/bd/design_1/ip/design_1_mig_7series_0_0/design_1_mig_7series_0_0/design_1_mig_7series_0_0_in_context.xdc, line 71).
Applied set_property IO_BUFFER_TYPE = NONE for DDR3_dq[5]. (constraint file  e:/FPGA_Test/3_Study/nexys_video_microblaze_ov5640_20200321/project_1/project_1.srcs/sources_1/bd/design_1/ip/design_1_mig_7series_0_0/design_1_mig_7series_0_0/design_1_mig_7series_0_0_in_context.xdc, line 72).
Applied set_property CLOCK_BUFFER_TYPE = NONE for DDR3_dq[5]. (constraint file  e:/FPGA_Test/3_Study/nexys_video_microblaze_ov5640_20200321/project_1/project_1.srcs/sources_1/bd/design_1/ip/design_1_mig_7series_0_0/design_1_mig_7series_0_0/design_1_mig_7series_0_0_in_context.xdc, line 73).
Applied set_property IO_BUFFER_TYPE = NONE for DDR3_dq[6]. (constraint file  e:/FPGA_Test/3_Study/nexys_video_microblaze_ov5640_20200321/project_1/project_1.srcs/sources_1/bd/design_1/ip/design_1_mig_7series_0_0/design_1_mig_7series_0_0/design_1_mig_7series_0_0_in_context.xdc, line 74).
Applied set_property CLOCK_BUFFER_TYPE = NONE for DDR3_dq[6]. (constraint file  e:/FPGA_Test/3_Study/nexys_video_microblaze_ov5640_20200321/project_1/project_1.srcs/sources_1/bd/design_1/ip/design_1_mig_7series_0_0/design_1_mig_7series_0_0/design_1_mig_7series_0_0_in_context.xdc, line 75).
Applied set_property IO_BUFFER_TYPE = NONE for DDR3_dq[7]. (constraint file  e:/FPGA_Test/3_Study/nexys_video_microblaze_ov5640_20200321/project_1/project_1.srcs/sources_1/bd/design_1/ip/design_1_mig_7series_0_0/design_1_mig_7series_0_0/design_1_mig_7series_0_0_in_context.xdc, line 76).
Applied set_property CLOCK_BUFFER_TYPE = NONE for DDR3_dq[7]. (constraint file  e:/FPGA_Test/3_Study/nexys_video_microblaze_ov5640_20200321/project_1/project_1.srcs/sources_1/bd/design_1/ip/design_1_mig_7series_0_0/design_1_mig_7series_0_0/design_1_mig_7series_0_0_in_context.xdc, line 77).
Applied set_property IO_BUFFER_TYPE = NONE for DDR3_dq[8]. (constraint file  e:/FPGA_Test/3_Study/nexys_video_microblaze_ov5640_20200321/project_1/project_1.srcs/sources_1/bd/design_1/ip/design_1_mig_7series_0_0/design_1_mig_7series_0_0/design_1_mig_7series_0_0_in_context.xdc, line 78).
Applied set_property CLOCK_BUFFER_TYPE = NONE for DDR3_dq[8]. (constraint file  e:/FPGA_Test/3_Study/nexys_video_microblaze_ov5640_20200321/project_1/project_1.srcs/sources_1/bd/design_1/ip/design_1_mig_7series_0_0/design_1_mig_7series_0_0/design_1_mig_7series_0_0_in_context.xdc, line 79).
Applied set_property IO_BUFFER_TYPE = NONE for DDR3_dq[9]. (constraint file  e:/FPGA_Test/3_Study/nexys_video_microblaze_ov5640_20200321/project_1/project_1.srcs/sources_1/bd/design_1/ip/design_1_mig_7series_0_0/design_1_mig_7series_0_0/design_1_mig_7series_0_0_in_context.xdc, line 80).
Applied set_property CLOCK_BUFFER_TYPE = NONE for DDR3_dq[9]. (constraint file  e:/FPGA_Test/3_Study/nexys_video_microblaze_ov5640_20200321/project_1/project_1.srcs/sources_1/bd/design_1/ip/design_1_mig_7series_0_0/design_1_mig_7series_0_0/design_1_mig_7series_0_0_in_context.xdc, line 81).
Applied set_property IO_BUFFER_TYPE = NONE for DDR3_dqs_n[0]. (constraint file  e:/FPGA_Test/3_Study/nexys_video_microblaze_ov5640_20200321/project_1/project_1.srcs/sources_1/bd/design_1/ip/design_1_mig_7series_0_0/design_1_mig_7series_0_0/design_1_mig_7series_0_0_in_context.xdc, line 82).
Applied set_property CLOCK_BUFFER_TYPE = NONE for DDR3_dqs_n[0]. (constraint file  e:/FPGA_Test/3_Study/nexys_video_microblaze_ov5640_20200321/project_1/project_1.srcs/sources_1/bd/design_1/ip/design_1_mig_7series_0_0/design_1_mig_7series_0_0/design_1_mig_7series_0_0_in_context.xdc, line 83).
Applied set_property IO_BUFFER_TYPE = NONE for DDR3_dqs_n[1]. (constraint file  e:/FPGA_Test/3_Study/nexys_video_microblaze_ov5640_20200321/project_1/project_1.srcs/sources_1/bd/design_1/ip/design_1_mig_7series_0_0/design_1_mig_7series_0_0/design_1_mig_7series_0_0_in_context.xdc, line 84).
Applied set_property CLOCK_BUFFER_TYPE = NONE for DDR3_dqs_n[1]. (constraint file  e:/FPGA_Test/3_Study/nexys_video_microblaze_ov5640_20200321/project_1/project_1.srcs/sources_1/bd/design_1/ip/design_1_mig_7series_0_0/design_1_mig_7series_0_0/design_1_mig_7series_0_0_in_context.xdc, line 85).
Applied set_property IO_BUFFER_TYPE = NONE for DDR3_dqs_p[0]. (constraint file  e:/FPGA_Test/3_Study/nexys_video_microblaze_ov5640_20200321/project_1/project_1.srcs/sources_1/bd/design_1/ip/design_1_mig_7series_0_0/design_1_mig_7series_0_0/design_1_mig_7series_0_0_in_context.xdc, line 86).
Applied set_property CLOCK_BUFFER_TYPE = NONE for DDR3_dqs_p[0]. (constraint file  e:/FPGA_Test/3_Study/nexys_video_microblaze_ov5640_20200321/project_1/project_1.srcs/sources_1/bd/design_1/ip/design_1_mig_7series_0_0/design_1_mig_7series_0_0/design_1_mig_7series_0_0_in_context.xdc, line 87).
Applied set_property IO_BUFFER_TYPE = NONE for DDR3_dqs_p[1]. (constraint file  e:/FPGA_Test/3_Study/nexys_video_microblaze_ov5640_20200321/project_1/project_1.srcs/sources_1/bd/design_1/ip/design_1_mig_7series_0_0/design_1_mig_7series_0_0/design_1_mig_7series_0_0_in_context.xdc, line 88).
Applied set_property CLOCK_BUFFER_TYPE = NONE for DDR3_dqs_p[1]. (constraint file  e:/FPGA_Test/3_Study/nexys_video_microblaze_ov5640_20200321/project_1/project_1.srcs/sources_1/bd/design_1/ip/design_1_mig_7series_0_0/design_1_mig_7series_0_0/design_1_mig_7series_0_0_in_context.xdc, line 89).
Applied set_property IO_BUFFER_TYPE = NONE for DDR3_odt[0]. (constraint file  e:/FPGA_Test/3_Study/nexys_video_microblaze_ov5640_20200321/project_1/project_1.srcs/sources_1/bd/design_1/ip/design_1_mig_7series_0_0/design_1_mig_7series_0_0/design_1_mig_7series_0_0_in_context.xdc, line 90).
Applied set_property CLOCK_BUFFER_TYPE = NONE for DDR3_odt[0]. (constraint file  e:/FPGA_Test/3_Study/nexys_video_microblaze_ov5640_20200321/project_1/project_1.srcs/sources_1/bd/design_1/ip/design_1_mig_7series_0_0/design_1_mig_7series_0_0/design_1_mig_7series_0_0_in_context.xdc, line 91).
Applied set_property IO_BUFFER_TYPE = NONE for DDR3_ras_n. (constraint file  e:/FPGA_Test/3_Study/nexys_video_microblaze_ov5640_20200321/project_1/project_1.srcs/sources_1/bd/design_1/ip/design_1_mig_7series_0_0/design_1_mig_7series_0_0/design_1_mig_7series_0_0_in_context.xdc, line 92).
Applied set_property CLOCK_BUFFER_TYPE = NONE for DDR3_ras_n. (constraint file  e:/FPGA_Test/3_Study/nexys_video_microblaze_ov5640_20200321/project_1/project_1.srcs/sources_1/bd/design_1/ip/design_1_mig_7series_0_0/design_1_mig_7series_0_0/design_1_mig_7series_0_0_in_context.xdc, line 93).
Applied set_property IO_BUFFER_TYPE = NONE for DDR3_reset_n. (constraint file  e:/FPGA_Test/3_Study/nexys_video_microblaze_ov5640_20200321/project_1/project_1.srcs/sources_1/bd/design_1/ip/design_1_mig_7series_0_0/design_1_mig_7series_0_0/design_1_mig_7series_0_0_in_context.xdc, line 94).
Applied set_property CLOCK_BUFFER_TYPE = NONE for DDR3_reset_n. (constraint file  e:/FPGA_Test/3_Study/nexys_video_microblaze_ov5640_20200321/project_1/project_1.srcs/sources_1/bd/design_1/ip/design_1_mig_7series_0_0/design_1_mig_7series_0_0/design_1_mig_7series_0_0_in_context.xdc, line 95).
Applied set_property IO_BUFFER_TYPE = NONE for DDR3_we_n. (constraint file  e:/FPGA_Test/3_Study/nexys_video_microblaze_ov5640_20200321/project_1/project_1.srcs/sources_1/bd/design_1/ip/design_1_mig_7series_0_0/design_1_mig_7series_0_0/design_1_mig_7series_0_0_in_context.xdc, line 96).
Applied set_property CLOCK_BUFFER_TYPE = NONE for DDR3_we_n. (constraint file  e:/FPGA_Test/3_Study/nexys_video_microblaze_ov5640_20200321/project_1/project_1.srcs/sources_1/bd/design_1/ip/design_1_mig_7series_0_0/design_1_mig_7series_0_0/design_1_mig_7series_0_0_in_context.xdc, line 97).
Applied set_property IO_BUFFER_TYPE = NONE for HDMI_CLK_N. (constraint file  e:/FPGA_Test/3_Study/nexys_video_microblaze_ov5640_20200321/project_1/project_1.srcs/sources_1/bd/design_1/ip/design_1_HDMI_FPGA_ML_0_0/design_1_HDMI_FPGA_ML_0_0/design_1_HDMI_FPGA_ML_0_0_in_context.xdc, line 1).
Applied set_property CLOCK_BUFFER_TYPE = NONE for HDMI_CLK_N. (constraint file  e:/FPGA_Test/3_Study/nexys_video_microblaze_ov5640_20200321/project_1/project_1.srcs/sources_1/bd/design_1/ip/design_1_HDMI_FPGA_ML_0_0/design_1_HDMI_FPGA_ML_0_0/design_1_HDMI_FPGA_ML_0_0_in_context.xdc, line 2).
Applied set_property IO_BUFFER_TYPE = NONE for HDMI_CLK_P. (constraint file  e:/FPGA_Test/3_Study/nexys_video_microblaze_ov5640_20200321/project_1/project_1.srcs/sources_1/bd/design_1/ip/design_1_HDMI_FPGA_ML_0_0/design_1_HDMI_FPGA_ML_0_0/design_1_HDMI_FPGA_ML_0_0_in_context.xdc, line 3).
Applied set_property CLOCK_BUFFER_TYPE = NONE for HDMI_CLK_P. (constraint file  e:/FPGA_Test/3_Study/nexys_video_microblaze_ov5640_20200321/project_1/project_1.srcs/sources_1/bd/design_1/ip/design_1_HDMI_FPGA_ML_0_0/design_1_HDMI_FPGA_ML_0_0/design_1_HDMI_FPGA_ML_0_0_in_context.xdc, line 4).
Applied set_property IO_BUFFER_TYPE = NONE for HDMI_D0_N. (constraint file  e:/FPGA_Test/3_Study/nexys_video_microblaze_ov5640_20200321/project_1/project_1.srcs/sources_1/bd/design_1/ip/design_1_HDMI_FPGA_ML_0_0/design_1_HDMI_FPGA_ML_0_0/design_1_HDMI_FPGA_ML_0_0_in_context.xdc, line 5).
Applied set_property CLOCK_BUFFER_TYPE = NONE for HDMI_D0_N. (constraint file  e:/FPGA_Test/3_Study/nexys_video_microblaze_ov5640_20200321/project_1/project_1.srcs/sources_1/bd/design_1/ip/design_1_HDMI_FPGA_ML_0_0/design_1_HDMI_FPGA_ML_0_0/design_1_HDMI_FPGA_ML_0_0_in_context.xdc, line 6).
Applied set_property IO_BUFFER_TYPE = NONE for HDMI_D0_P. (constraint file  e:/FPGA_Test/3_Study/nexys_video_microblaze_ov5640_20200321/project_1/project_1.srcs/sources_1/bd/design_1/ip/design_1_HDMI_FPGA_ML_0_0/design_1_HDMI_FPGA_ML_0_0/design_1_HDMI_FPGA_ML_0_0_in_context.xdc, line 7).
Applied set_property CLOCK_BUFFER_TYPE = NONE for HDMI_D0_P. (constraint file  e:/FPGA_Test/3_Study/nexys_video_microblaze_ov5640_20200321/project_1/project_1.srcs/sources_1/bd/design_1/ip/design_1_HDMI_FPGA_ML_0_0/design_1_HDMI_FPGA_ML_0_0/design_1_HDMI_FPGA_ML_0_0_in_context.xdc, line 8).
Applied set_property IO_BUFFER_TYPE = NONE for HDMI_D1_N. (constraint file  e:/FPGA_Test/3_Study/nexys_video_microblaze_ov5640_20200321/project_1/project_1.srcs/sources_1/bd/design_1/ip/design_1_HDMI_FPGA_ML_0_0/design_1_HDMI_FPGA_ML_0_0/design_1_HDMI_FPGA_ML_0_0_in_context.xdc, line 9).
Applied set_property CLOCK_BUFFER_TYPE = NONE for HDMI_D1_N. (constraint file  e:/FPGA_Test/3_Study/nexys_video_microblaze_ov5640_20200321/project_1/project_1.srcs/sources_1/bd/design_1/ip/design_1_HDMI_FPGA_ML_0_0/design_1_HDMI_FPGA_ML_0_0/design_1_HDMI_FPGA_ML_0_0_in_context.xdc, line 10).
Applied set_property IO_BUFFER_TYPE = NONE for HDMI_D1_P. (constraint file  e:/FPGA_Test/3_Study/nexys_video_microblaze_ov5640_20200321/project_1/project_1.srcs/sources_1/bd/design_1/ip/design_1_HDMI_FPGA_ML_0_0/design_1_HDMI_FPGA_ML_0_0/design_1_HDMI_FPGA_ML_0_0_in_context.xdc, line 11).
Applied set_property CLOCK_BUFFER_TYPE = NONE for HDMI_D1_P. (constraint file  e:/FPGA_Test/3_Study/nexys_video_microblaze_ov5640_20200321/project_1/project_1.srcs/sources_1/bd/design_1/ip/design_1_HDMI_FPGA_ML_0_0/design_1_HDMI_FPGA_ML_0_0/design_1_HDMI_FPGA_ML_0_0_in_context.xdc, line 12).
Applied set_property IO_BUFFER_TYPE = NONE for HDMI_D2_N. (constraint file  e:/FPGA_Test/3_Study/nexys_video_microblaze_ov5640_20200321/project_1/project_1.srcs/sources_1/bd/design_1/ip/design_1_HDMI_FPGA_ML_0_0/design_1_HDMI_FPGA_ML_0_0/design_1_HDMI_FPGA_ML_0_0_in_context.xdc, line 13).
Applied set_property CLOCK_BUFFER_TYPE = NONE for HDMI_D2_N. (constraint file  e:/FPGA_Test/3_Study/nexys_video_microblaze_ov5640_20200321/project_1/project_1.srcs/sources_1/bd/design_1/ip/design_1_HDMI_FPGA_ML_0_0/design_1_HDMI_FPGA_ML_0_0/design_1_HDMI_FPGA_ML_0_0_in_context.xdc, line 14).
Applied set_property IO_BUFFER_TYPE = NONE for HDMI_D2_P. (constraint file  e:/FPGA_Test/3_Study/nexys_video_microblaze_ov5640_20200321/project_1/project_1.srcs/sources_1/bd/design_1/ip/design_1_HDMI_FPGA_ML_0_0/design_1_HDMI_FPGA_ML_0_0/design_1_HDMI_FPGA_ML_0_0_in_context.xdc, line 15).
Applied set_property CLOCK_BUFFER_TYPE = NONE for HDMI_D2_P. (constraint file  e:/FPGA_Test/3_Study/nexys_video_microblaze_ov5640_20200321/project_1/project_1.srcs/sources_1/bd/design_1/ip/design_1_HDMI_FPGA_ML_0_0/design_1_HDMI_FPGA_ML_0_0/design_1_HDMI_FPGA_ML_0_0_in_context.xdc, line 16).
Applied set_property DONT_TOUCH = true for design_1_i. (constraint file  auto generated constraint, line ).
Applied set_property DONT_TOUCH = true for design_1_i/microblaze_0. (constraint file  auto generated constraint, line ).
Applied set_property DONT_TOUCH = true for design_1_i/microblaze_0_axi_periph. (constraint file  auto generated constraint, line ).
Applied set_property DONT_TOUCH = true for design_1_i/microblaze_0_axi_intc. (constraint file  auto generated constraint, line ).
Applied set_property DONT_TOUCH = true for design_1_i/mdm_1. (constraint file  auto generated constraint, line ).
Applied set_property DONT_TOUCH = true for design_1_i/clk_wiz_1. (constraint file  auto generated constraint, line ).
Applied set_property DONT_TOUCH = true for design_1_i/rst_clk_wiz_1_100M. (constraint file  auto generated constraint, line ).
Applied set_property DONT_TOUCH = true for design_1_i/axi_vdma_0. (constraint file  auto generated constraint, line ).
Applied set_property DONT_TOUCH = true for design_1_i/mig_7series_0. (constraint file  auto generated constraint, line ).
Applied set_property DONT_TOUCH = true for design_1_i/axi_uartlite_0. (constraint file  auto generated constraint, line ).
Applied set_property DONT_TOUCH = true for design_1_i/axi_iic_0. (constraint file  auto generated constraint, line ).
Applied set_property DONT_TOUCH = true for design_1_i/axi_smc. (constraint file  auto generated constraint, line ).
Applied set_property DONT_TOUCH = true for design_1_i/rst_mig_7series_0_100M. (constraint file  auto generated constraint, line ).
Applied set_property DONT_TOUCH = true for design_1_i/HDMI_FPGA_ML_0. (constraint file  auto generated constraint, line ).
Applied set_property DONT_TOUCH = true for design_1_i/v_tc_0. (constraint file  auto generated constraint, line ).
Applied set_property DONT_TOUCH = true for design_1_i/AXI4_Stream_to_Video_0. (constraint file  auto generated constraint, line ).
Applied set_property DONT_TOUCH = true for design_1_i/v_vid_in_axi4s_0. (constraint file  auto generated constraint, line ).
Applied set_property DONT_TOUCH = true for design_1_i/OV_Sensor_ML_0. (constraint file  auto generated constraint, line ).
Applied set_property DONT_TOUCH = true for design_1_i/clk_wiz_0. (constraint file  auto generated constraint, line ).
Applied set_property DONT_TOUCH = true for design_1_i/util_vector_logic_0. (constraint file  auto generated constraint, line ).
Applied set_property DONT_TOUCH = true for design_1_i/microblaze_0_axi_periph/xbar. (constraint file  auto generated constraint, line ).
Applied set_property DONT_TOUCH = true for design_1_i/microblaze_0_local_memory/dlmb_v10. (constraint file  auto generated constraint, line ).
Applied set_property DONT_TOUCH = true for design_1_i/microblaze_0_local_memory/ilmb_v10. (constraint file  auto generated constraint, line ).
Applied set_property DONT_TOUCH = true for design_1_i/microblaze_0_local_memory/dlmb_bram_if_cntlr. (constraint file  auto generated constraint, line ).
Applied set_property DONT_TOUCH = true for design_1_i/microblaze_0_local_memory/ilmb_bram_if_cntlr. (constraint file  auto generated constraint, line ).
Applied set_property DONT_TOUCH = true for design_1_i/microblaze_0_local_memory/lmb_bram. (constraint file  auto generated constraint, line ).
---------------------------------------------------------------------------------
Finished applying 'set_property' XDC Constraints : Time (s): cpu = 00:00:12 ; elapsed = 00:00:14 . Memory (MB): peak = 961.391 ; gain = 513.555
---------------------------------------------------------------------------------
---------------------------------------------------------------------------------
Finished RTL Optimization Phase 2 : Time (s): cpu = 00:00:12 ; elapsed = 00:00:15 . Memory (MB): peak = 961.391 ; gain = 513.555
---------------------------------------------------------------------------------

Report RTL Partitions: 
+-+--------------+------------+----------+
| |RTL Partition |Replication |Instances |
+-+--------------+------------+----------+
+-+--------------+------------+----------+
---------------------------------------------------------------------------------
Start RTL Component Statistics 
---------------------------------------------------------------------------------
Detailed RTL Component Info : 
---------------------------------------------------------------------------------
Finished RTL Component Statistics 
---------------------------------------------------------------------------------
---------------------------------------------------------------------------------
Start RTL Hierarchical Component Statistics 
---------------------------------------------------------------------------------
Hierarchical RTL Component report 
---------------------------------------------------------------------------------
Finished RTL Hierarchical Component Statistics
---------------------------------------------------------------------------------
---------------------------------------------------------------------------------
Start Part Resource Summary
---------------------------------------------------------------------------------
Part Resources:
DSPs: 740 (col length:100)
BRAMs: 730 (col length: RAMB18 100 RAMB36 50)
---------------------------------------------------------------------------------
Finished Part Resource Summary
---------------------------------------------------------------------------------
---------------------------------------------------------------------------------
Start Cross Boundary and Area Optimization
---------------------------------------------------------------------------------
Warning: Parallel synthesis criteria is not met 
WARNING: [Synth 8-3331] design design_1_microblaze_0_axi_periph_0 has unconnected port M00_ACLK
WARNING: [Synth 8-3331] design design_1_microblaze_0_axi_periph_0 has unconnected port M00_ARESETN
WARNING: [Synth 8-3331] design design_1_microblaze_0_axi_periph_0 has unconnected port M01_ACLK
WARNING: [Synth 8-3331] design design_1_microblaze_0_axi_periph_0 has unconnected port M01_ARESETN
WARNING: [Synth 8-3331] design design_1_microblaze_0_axi_periph_0 has unconnected port M02_ACLK
WARNING: [Synth 8-3331] design design_1_microblaze_0_axi_periph_0 has unconnected port M02_ARESETN
WARNING: [Synth 8-3331] design design_1_microblaze_0_axi_periph_0 has unconnected port M03_ACLK
WARNING: [Synth 8-3331] design design_1_microblaze_0_axi_periph_0 has unconnected port M03_ARESETN
WARNING: [Synth 8-3331] design design_1_microblaze_0_axi_periph_0 has unconnected port S00_ACLK
WARNING: [Synth 8-3331] design design_1_microblaze_0_axi_periph_0 has unconnected port S00_ARESETN
---------------------------------------------------------------------------------
Finished Cross Boundary and Area Optimization : Time (s): cpu = 00:00:13 ; elapsed = 00:00:15 . Memory (MB): peak = 961.391 ; gain = 513.555
---------------------------------------------------------------------------------

Report RTL Partitions: 
+-+--------------+------------+----------+
| |RTL Partition |Replication |Instances |
+-+--------------+------------+----------+
+-+--------------+------------+----------+
---------------------------------------------------------------------------------
Start Applying XDC Timing Constraints
---------------------------------------------------------------------------------
INFO: [Synth 8-5578] Moved timing constraint from pin 'design_1_i/mdm_1/Dbg_Clk_0' to pin 'design_1_i/mdm_1/bbstub_Dbg_Clk_0/O'
INFO: [Synth 8-5578] Moved timing constraint from pin 'design_1_i/mdm_1/Dbg_Update_0' to pin 'design_1_i/mdm_1/bbstub_Dbg_Update_0/O'
INFO: [Synth 8-5578] Moved timing constraint from pin 'design_1_i/clk_wiz_1/clk_out1' to pin 'design_1_i/clk_wiz_1/bbstub_clk_out1/O'
INFO: [Synth 8-5578] Moved timing constraint from pin 'design_1_i/clk_wiz_1/clk_out2' to pin 'design_1_i/clk_wiz_1/bbstub_clk_out2/O'
INFO: [Synth 8-5578] Moved timing constraint from pin 'design_1_i/clk_wiz_1/clk_out3' to pin 'design_1_i/clk_wiz_1/bbstub_clk_out3/O'
INFO: [Synth 8-5578] Moved timing constraint from pin 'design_1_i/mig_7series_0/ui_clk' to pin 'design_1_i/mig_7series_0/bbstub_ui_clk/O'
INFO: [Synth 8-5578] Moved timing constraint from pin 'design_1_i/clk_wiz_0/clk_in1' to pin 'design_1_i/clk_wiz_1/bbstub_clk_out1/O'
INFO: [Synth 8-5578] Moved timing constraint from pin 'design_1_i/clk_wiz_0/clk_out1' to pin 'design_1_i/clk_wiz_0/bbstub_clk_out1/O'
INFO: [Synth 8-5783] Moving clock source from hierarchical pin 'design_1_i/clk_wiz_0/clk_in1' to 'design_1_i/clk_wiz_1/bbstub_clk_out1/O'
INFO: [Synth 8-5578] Moved timing constraint from pin 'design_1_i/clk_wiz_0/clk_out2' to pin 'design_1_i/clk_wiz_0/bbstub_clk_out2/O'
INFO: [Synth 8-5783] Moving clock source from hierarchical pin 'design_1_i/clk_wiz_0/clk_in1' to 'design_1_i/clk_wiz_1/bbstub_clk_out1/O'
INFO: [Synth 8-5578] Moved timing constraint from pin 'design_1_i/clk_wiz_0/clk_out3' to pin 'design_1_i/clk_wiz_0/bbstub_clk_out3/O'
INFO: [Synth 8-5783] Moving clock source from hierarchical pin 'design_1_i/clk_wiz_0/clk_in1' to 'design_1_i/clk_wiz_1/bbstub_clk_out1/O'
INFO: [Synth 8-5578] Moved timing constraint from pin 'design_1_i/microblaze_0_local_memory/dlmb_bram_if_cntlr/BRAM_Clk_A' to pin 'design_1_i/microblaze_0_local_memory/dlmb_bram_if_cntlr/bbstub_BRAM_Clk_A/O'
INFO: [Synth 8-5578] Moved timing constraint from pin 'design_1_i/microblaze_0_local_memory/ilmb_bram_if_cntlr/BRAM_Clk_A' to pin 'design_1_i/microblaze_0_local_memory/ilmb_bram_if_cntlr/bbstub_BRAM_Clk_A/O'
INFO: [Synth 8-5819] Moved 12 constraints on hierarchical pins to their respective driving/loading pins
---------------------------------------------------------------------------------
Finished Applying XDC Timing Constraints : Time (s): cpu = 00:00:20 ; elapsed = 00:00:23 . Memory (MB): peak = 972.754 ; gain = 524.918
---------------------------------------------------------------------------------
---------------------------------------------------------------------------------
Start Timing Optimization
---------------------------------------------------------------------------------
---------------------------------------------------------------------------------
Finished Timing Optimization : Time (s): cpu = 00:00:20 ; elapsed = 00:00:23 . Memory (MB): peak = 973.051 ; gain = 525.215
---------------------------------------------------------------------------------

Report RTL Partitions: 
+-+--------------+------------+----------+
| |RTL Partition |Replication |Instances |
+-+--------------+------------+----------+
+-+--------------+------------+----------+
---------------------------------------------------------------------------------
Start Technology Mapping
---------------------------------------------------------------------------------
---------------------------------------------------------------------------------
Finished Technology Mapping : Time (s): cpu = 00:00:20 ; elapsed = 00:00:24 . Memory (MB): peak = 975.082 ; gain = 527.246
---------------------------------------------------------------------------------

Report RTL Partitions: 
+-+--------------+------------+----------+
| |RTL Partition |Replication |Instances |
+-+--------------+------------+----------+
+-+--------------+------------+----------+
---------------------------------------------------------------------------------
Start IO Insertion
---------------------------------------------------------------------------------
---------------------------------------------------------------------------------
Start Flattening Before IO Insertion
---------------------------------------------------------------------------------
---------------------------------------------------------------------------------
Finished Flattening Before IO Insertion
---------------------------------------------------------------------------------
---------------------------------------------------------------------------------
Start Final Netlist Cleanup
---------------------------------------------------------------------------------
---------------------------------------------------------------------------------
Finished Final Netlist Cleanup
---------------------------------------------------------------------------------
---------------------------------------------------------------------------------
Finished IO Insertion : Time (s): cpu = 00:00:21 ; elapsed = 00:00:24 . Memory (MB): peak = 975.082 ; gain = 527.246
---------------------------------------------------------------------------------

Report Check Netlist: 
+------+------------------+-------+---------+-------+------------------+
|      |Item              |Errors |Warnings |Status |Description       |
+------+------------------+-------+---------+-------+------------------+
|1     |multi_driven_nets |      0|        0|Passed |Multi driven nets |
+------+------------------+-------+---------+-------+------------------+
---------------------------------------------------------------------------------
Start Renaming Generated Instances
---------------------------------------------------------------------------------
---------------------------------------------------------------------------------
Finished Renaming Generated Instances : Time (s): cpu = 00:00:21 ; elapsed = 00:00:24 . Memory (MB): peak = 975.082 ; gain = 527.246
---------------------------------------------------------------------------------

Report RTL Partitions: 
+-+--------------+------------+----------+
| |RTL Partition |Replication |Instances |
+-+--------------+------------+----------+
+-+--------------+------------+----------+
---------------------------------------------------------------------------------
Start Rebuilding User Hierarchy
---------------------------------------------------------------------------------
---------------------------------------------------------------------------------
Finished Rebuilding User Hierarchy : Time (s): cpu = 00:00:21 ; elapsed = 00:00:24 . Memory (MB): peak = 975.082 ; gain = 527.246
---------------------------------------------------------------------------------
---------------------------------------------------------------------------------
Start Renaming Generated Ports
---------------------------------------------------------------------------------
---------------------------------------------------------------------------------
Finished Renaming Generated Ports : Time (s): cpu = 00:00:21 ; elapsed = 00:00:24 . Memory (MB): peak = 975.082 ; gain = 527.246
---------------------------------------------------------------------------------
---------------------------------------------------------------------------------
Start Handling Custom Attributes
---------------------------------------------------------------------------------
---------------------------------------------------------------------------------
Finished Handling Custom Attributes : Time (s): cpu = 00:00:21 ; elapsed = 00:00:24 . Memory (MB): peak = 975.082 ; gain = 527.246
---------------------------------------------------------------------------------
---------------------------------------------------------------------------------
Start Renaming Generated Nets
---------------------------------------------------------------------------------
---------------------------------------------------------------------------------
Finished Renaming Generated Nets : Time (s): cpu = 00:00:21 ; elapsed = 00:00:24 . Memory (MB): peak = 975.082 ; gain = 527.246
---------------------------------------------------------------------------------
---------------------------------------------------------------------------------
Start Writing Synthesis Report
---------------------------------------------------------------------------------

Report BlackBoxes: 
+------+----------------------------------+----------+
|      |BlackBox name                     |Instances |
+------+----------------------------------+----------+
|1     |design_1_xbar_0                   |         1|
|2     |design_1_AXI4_Stream_to_Video_0_0 |         1|
|3     |design_1_HDMI_FPGA_ML_0_0         |         1|
|4     |design_1_OV_Sensor_ML_0_0         |         1|
|5     |design_1_axi_iic_0_0              |         1|
|6     |design_1_axi_smc_1                |         1|
|7     |design_1_axi_uartlite_0_0         |         1|
|8     |design_1_axi_vdma_0_0             |         1|
|9     |design_1_clk_wiz_0_0              |         1|
|10    |design_1_clk_wiz_1_0              |         1|
|11    |design_1_mdm_1_0                  |         1|
|12    |design_1_microblaze_0_0           |         1|
|13    |design_1_microblaze_0_axi_intc_0  |         1|
|14    |design_1_mig_7series_0_0          |         1|
|15    |design_1_rst_clk_wiz_1_100M_0     |         1|
|16    |design_1_rst_mig_7series_0_100M_1 |         1|
|17    |design_1_util_vector_logic_0_0    |         1|
|18    |design_1_v_tc_0_0                 |         1|
|19    |design_1_v_vid_in_axi4s_0_0       |         1|
|20    |design_1_dlmb_bram_if_cntlr_0     |         1|
|21    |design_1_dlmb_v10_0               |         1|
|22    |design_1_ilmb_bram_if_cntlr_0     |         1|
|23    |design_1_ilmb_v10_0               |         1|
|24    |design_1_lmb_bram_0               |         1|
+------+----------------------------------+----------+

Report Cell Usage: 
+------+----------------------------------+------+
|      |Cell                              |Count |
+------+----------------------------------+------+
|1     |design_1_AXI4_Stream_to_Video_0_0 |     1|
|2     |design_1_HDMI_FPGA_ML_0_0         |     1|
|3     |design_1_OV_Sensor_ML_0_0         |     1|
|4     |design_1_axi_iic_0_0              |     1|
|5     |design_1_axi_smc_1                |     1|
|6     |design_1_axi_uartlite_0_0         |     1|
|7     |design_1_axi_vdma_0_0             |     1|
|8     |design_1_clk_wiz_0_0              |     1|
|9     |design_1_clk_wiz_1_0              |     1|
|10    |design_1_dlmb_bram_if_cntlr_0     |     1|
|11    |design_1_dlmb_v10_0               |     1|
|12    |design_1_ilmb_bram_if_cntlr_0     |     1|
|13    |design_1_ilmb_v10_0               |     1|
|14    |design_1_lmb_bram_0               |     1|
|15    |design_1_mdm_1_0                  |     1|
|16    |design_1_microblaze_0_0           |     1|
|17    |design_1_microblaze_0_axi_intc_0  |     1|
|18    |design_1_mig_7series_0_0          |     1|
|19    |design_1_rst_clk_wiz_1_100M_0     |     1|
|20    |design_1_rst_mig_7series_0_100M_1 |     1|
|21    |design_1_util_vector_logic_0_0    |     1|
|22    |design_1_v_tc_0_0                 |     1|
|23    |design_1_v_vid_in_axi4s_0_0       |     1|
|24    |design_1_xbar_0                   |     1|
|25    |IBUF                              |    13|
|26    |IOBUF                             |     2|
|27    |OBUF                              |     2|
+------+----------------------------------+------+

Report Instance Areas: 
+------+------------------------------+--------------------------------------+------+
|      |Instance                      |Module                                |Cells |
+------+------------------------------+--------------------------------------+------+
|1     |top                           |                                      |  2512|
|2     |  design_1_i                  |design_1                              |  2495|
|3     |    microblaze_0_axi_periph   |design_1_microblaze_0_axi_periph_0    |   485|
|4     |    microblaze_0_local_memory |microblaze_0_local_memory_imp_1K0VQXK |   496|
+------+------------------------------+--------------------------------------+------+
---------------------------------------------------------------------------------
Finished Writing Synthesis Report : Time (s): cpu = 00:00:21 ; elapsed = 00:00:24 . Memory (MB): peak = 975.082 ; gain = 527.246
---------------------------------------------------------------------------------
Synthesis finished with 0 errors, 0 critical warnings and 10 warnings.
Synthesis Optimization Runtime : Time (s): cpu = 00:00:11 ; elapsed = 00:00:15 . Memory (MB): peak = 975.082 ; gain = 172.031
Synthesis Optimization Complete : Time (s): cpu = 00:00:21 ; elapsed = 00:00:25 . Memory (MB): peak = 975.082 ; gain = 527.246
INFO: [Project 1-571] Translating synthesized netlist
INFO: [Netlist 29-17] Analyzing 15 Unisim elements for replacement
INFO: [Netlist 29-28] Unisim Transformation completed in 0 CPU seconds
INFO: [Project 1-570] Preparing netlist for logic optimization
INFO: [Opt 31-138] Pushed 0 inverter(s) to 0 load pin(s).
INFO: [Project 1-111] Unisim Transformation Summary:
  A total of 2 instances were transformed.
  IOBUF => IOBUF (IBUF, OBUFT): 2 instances

INFO: [Common 17-83] Releasing license: Synthesis
101 Infos, 50 Warnings, 0 Critical Warnings and 0 Errors encountered.
synth_design completed successfully
synth_design: Time (s): cpu = 00:00:23 ; elapsed = 00:00:29 . Memory (MB): peak = 1001.078 ; gain = 560.148
WARNING: [Constraints 18-5210] No constraint will be written out.
INFO: [Common 17-1381] The checkpoint 'E:/FPGA_Test/3_Study/nexys_video_microblaze_ov5640_20200321/project_1/project_1.runs/synth_1/design_1_wrapper.dcp' has been generated.
INFO: [runtcl-4] Executing : report_utilization -file design_1_wrapper_utilization_synth.rpt -pb design_1_wrapper_utilization_synth.pb
report_utilization: Time (s): cpu = 00:00:00 ; elapsed = 00:00:00.060 . Memory (MB): peak = 1001.402 ; gain = 0.004
INFO: [Common 17-206] Exiting Vivado at Sat Mar 21 20:19:54 2020...
