#-----------------------------------------------------------
# Vivado v2016.4 (64-bit)
# SW Build 1733598 on Wed Dec 14 22:35:39 MST 2016
# IP Build 1731160 on Wed Dec 14 23:47:21 MST 2016
# Start of session at: Fri Sep 08 15:05:54 2017
# Process ID: 4176
# Current directory: F:/A7_Demo/S03/S03_CH0A_AXI_VDMA_7725/MIA_IP_LIB/OV_Sensor_ML/OV_Sensor_ML
# Command line: vivado.exe -gui_launcher_event rodinguilauncherevent3316 F:\A7_Demo\S03\S03_CH0A_AXI_VDMA_7725\MIA_IP_LIB\OV_Sensor_ML\OV_Sensor_ML\OV_Sensor_ML.xpr
# Log file: F:/A7_Demo/S03/S03_CH0A_AXI_VDMA_7725/MIA_IP_LIB/OV_Sensor_ML/OV_Sensor_ML/vivado.log
# Journal file: F:/A7_Demo/S03/S03_CH0A_AXI_VDMA_7725/MIA_IP_LIB/OV_Sensor_ML/OV_Sensor_ML\vivado.jou
#-----------------------------------------------------------
start_gui
open_project F:/A7_Demo/S03/S03_CH0A_AXI_VDMA_7725/MIA_IP_LIB/OV_Sensor_ML/OV_Sensor_ML/OV_Sensor_ML.xpr
INFO: [Project 1-313] Project file moved from 'D:/MIZ_SOC/SEASON_03/CH06_AXI_VDMA_OV7725_701N_02o/Miz_ip_lib/OV_Sensor_ML/OV_Sensor_ML' since last save.
Scanning sources...
Finished scanning sources
WARNING: [filemgmt 56-2] IPUserFilesDir: Could not find the directory 'F:/A7_Demo/S03/S03_CH0A_AXI_VDMA_7725/MIA_IP_LIB/OV_Sensor_ML/OV_Sensor_ML/OV_Sensor_ML.ip_user_files', nor could it be found using path 'D:/MIZ_SOC/SEASON_03/CH06_AXI_VDMA_OV7725_701N_02o/Miz_ip_lib/OV_Sensor_ML/OV_Sensor_ML/OV_Sensor_ML.ip_user_files'.
INFO: [Project 1-230] Project 'OV_Sensor_ML.xpr' upgraded for this version of Vivado.
INFO: [IP_Flow 19-234] Refreshing IP repositories
INFO: [IP_Flow 19-1704] No user IP repositories specified
INFO: [IP_Flow 19-2313] Loaded Vivado IP repository 'D:/Xilinx/Vivado/2016.4/data/ip'.
ipx::package_project -root_dir f:/a7_demo/s03/s03_ch0a_axi_vdma_7725/mia_ip_lib/ov_sensor_ml -vendor xilinx.com -library user -taxonomy /UserIP -force
set_property supported_families {zynq Production artix7 Beta kintex7 Beta} [ipx::current_core]
set_property supported_families {zynq Production artix7 Production kintex7 Beta} [ipx::current_core]
set_property supported_families {zynq Production artix7 Production kintex7 Production} [ipx::current_core]
set_property core_revision 2 [ipx::current_core]
ipx::create_xgui_files [ipx::current_core]
ipx::update_checksums [ipx::current_core]
ipx::save_core [ipx::current_core]
set_property  ip_repo_paths  f:/a7_demo/s03/s03_ch0a_axi_vdma_7725/mia_ip_lib/ov_sensor_ml [current_project]
update_ip_catalog
INFO: [IP_Flow 19-234] Refreshing IP repositories
INFO: [IP_Flow 19-1700] Loaded user IP repository 'f:/a7_demo/s03/s03_ch0a_axi_vdma_7725/mia_ip_lib/ov_sensor_ml'.
exit
INFO: [Common 17-206] Exiting Vivado at Fri Sep 08 15:07:22 2017...
