20:32:24 INFO  : Registering command handlers for SDK TCF services
20:32:24 INFO  : Launching XSCT server: xsct.bat -interactive E:\FPGA_Test\3_Study\nexys_video_microblaze_ov5640_20200321\project_1\project_1.sdk\temp_xsdb_launch_script.tcl
20:32:26 INFO  : XSCT server has started successfully.
20:32:26 INFO  : Successfully done setting XSCT server connection channel  
20:32:26 INFO  : Successfully done setting SDK workspace  
20:32:26 INFO  : Processing command line option -hwspec E:/FPGA_Test/3_Study/nexys_video_microblaze_ov5640_20200321/project_1/project_1.sdk/design_1_wrapper.hdf.
20:36:24 INFO  : Connected to target on host '127.0.0.1' and port '3121'.
20:36:27 INFO  : 'targets -set -filter {jtag_cable_name =~ "Digilent Nexys Video 210276A794FAB" && level==0} -index 0' command is executed.
20:36:33 INFO  : FPGA configured successfully with bitstream "E:/FPGA_Test/3_Study/nexys_video_microblaze_ov5640_20200321/project_1/project_1.sdk/design_1_wrapper_hw_platform_0/download.bit"
20:36:54 INFO  : 'targets -set -filter {jtag_cable_name =~ "Digilent Nexys Video 210276A794FAB" && level==0} -index 0' command is executed.
20:36:54 INFO  : 'fpga -state' command is executed.
20:36:54 INFO  : Connected to target on host '127.0.0.1' and port '3121'.
20:36:55 INFO  : Jtag cable 'Digilent Nexys Video 210276A794FAB' is selected.
20:36:55 INFO  : 'jtag frequency' command is executed.
20:36:55 INFO  : 'configparams mdm-detect-bscan-mask 2' command is executed.
20:36:55 INFO  : Context for processor 'microblaze_0' is selected.
20:36:55 ERROR : Cannot stop MicroBlaze. MicroBlaze is held in reset
20:36:55 INFO  : ----------------XSDB Script----------------
connect -url tcp:127.0.0.1:3121
configparams mdm-detect-bscan-mask 2
targets -set -nocase -filter {name =~ "microblaze*#0" && bscan=="USER2"  && jtag_cable_name =~ "Digilent Nexys Video 210276A794FAB"} -index 0
rst -processor
----------------End of Script----------------

20:37:36 INFO  : 'targets -set -filter {jtag_cable_name =~ "Digilent Nexys Video 210276A794FAB" && level==0} -index 0' command is executed.
20:37:36 INFO  : 'fpga -state' command is executed.
20:37:36 INFO  : Connected to target on host '127.0.0.1' and port '3121'.
20:37:36 INFO  : Jtag cable 'Digilent Nexys Video 210276A794FAB' is selected.
20:37:36 INFO  : 'jtag frequency' command is executed.
20:37:36 INFO  : 'configparams mdm-detect-bscan-mask 2' command is executed.
20:37:36 INFO  : Context for processor 'microblaze_0' is selected.
20:37:36 INFO  : Processor reset is completed for 'microblaze_0'.
20:37:36 INFO  : Context for processor 'microblaze_0' is selected.
20:37:36 INFO  : The application 'E:/FPGA_Test/3_Study/nexys_video_microblaze_ov5640_20200321/project_1/project_1.sdk/test/Debug/test.elf' is downloaded to processor 'microblaze_0'.
20:37:36 INFO  : ----------------XSDB Script----------------
connect -url tcp:127.0.0.1:3121
configparams mdm-detect-bscan-mask 2
targets -set -nocase -filter {name =~ "microblaze*#0" && bscan=="USER2"  && jtag_cable_name =~ "Digilent Nexys Video 210276A794FAB"} -index 0
rst -processor
targets -set -nocase -filter {name =~ "microblaze*#0" && bscan=="USER2"  && jtag_cable_name =~ "Digilent Nexys Video 210276A794FAB"} -index 0
dow E:/FPGA_Test/3_Study/nexys_video_microblaze_ov5640_20200321/project_1/project_1.sdk/test/Debug/test.elf
----------------End of Script----------------

20:37:37 INFO  : Context for processor 'microblaze_0' is selected.
20:37:37 INFO  : 'con' command is executed.
20:37:37 INFO  : ----------------XSDB Script (After Launch)----------------
targets -set -nocase -filter {name =~ "microblaze*#0" && bscan=="USER2"  && jtag_cable_name =~ "Digilent Nexys Video 210276A794FAB"} -index 0
con
----------------End of Script----------------

20:37:37 INFO  : Disconnected from the channel tcfchan#1.
20:37:55 INFO  : 'targets -set -filter {jtag_cable_name =~ "Digilent Nexys Video 210276A794FAB" && level==0} -index 0' command is executed.
20:37:55 INFO  : 'fpga -state' command is executed.
20:37:55 INFO  : Connected to target on host '127.0.0.1' and port '3121'.
20:37:55 INFO  : Jtag cable 'Digilent Nexys Video 210276A794FAB' is selected.
20:37:55 INFO  : 'jtag frequency' command is executed.
20:37:55 INFO  : 'configparams mdm-detect-bscan-mask 2' command is executed.
20:37:55 INFO  : Context for processor 'microblaze_0' is selected.
20:37:55 INFO  : Processor reset is completed for 'microblaze_0'.
20:37:55 INFO  : Context for processor 'microblaze_0' is selected.
20:37:55 INFO  : The application 'E:/FPGA_Test/3_Study/nexys_video_microblaze_ov5640_20200321/project_1/project_1.sdk/test/Debug/test.elf' is downloaded to processor 'microblaze_0'.
20:37:55 INFO  : ----------------XSDB Script----------------
connect -url tcp:127.0.0.1:3121
configparams mdm-detect-bscan-mask 2
targets -set -nocase -filter {name =~ "microblaze*#0" && bscan=="USER2"  && jtag_cable_name =~ "Digilent Nexys Video 210276A794FAB"} -index 0
rst -processor
targets -set -nocase -filter {name =~ "microblaze*#0" && bscan=="USER2"  && jtag_cable_name =~ "Digilent Nexys Video 210276A794FAB"} -index 0
dow E:/FPGA_Test/3_Study/nexys_video_microblaze_ov5640_20200321/project_1/project_1.sdk/test/Debug/test.elf
----------------End of Script----------------

20:37:55 INFO  : Context for processor 'microblaze_0' is selected.
20:37:55 INFO  : 'con' command is executed.
20:37:55 INFO  : ----------------XSDB Script (After Launch)----------------
targets -set -nocase -filter {name =~ "microblaze*#0" && bscan=="USER2"  && jtag_cable_name =~ "Digilent Nexys Video 210276A794FAB"} -index 0
con
----------------End of Script----------------

20:37:55 INFO  : Disconnected from the channel tcfchan#2.
20:38:06 INFO  : 'targets -set -filter {jtag_cable_name =~ "Digilent Nexys Video 210276A794FAB" && level==0} -index 0' command is executed.
20:38:06 INFO  : 'fpga -state' command is executed.
20:38:06 INFO  : Connected to target on host '127.0.0.1' and port '3121'.
20:38:07 INFO  : Jtag cable 'Digilent Nexys Video 210276A794FAB' is selected.
20:38:07 INFO  : 'jtag frequency' command is executed.
20:38:07 INFO  : 'configparams mdm-detect-bscan-mask 2' command is executed.
20:38:07 INFO  : Context for processor 'microblaze_0' is selected.
20:38:07 ERROR : Cannot stop MicroBlaze. Stalled on instruction fetch
20:38:07 INFO  : ----------------XSDB Script----------------
connect -url tcp:127.0.0.1:3121
configparams mdm-detect-bscan-mask 2
targets -set -nocase -filter {name =~ "microblaze*#0" && bscan=="USER2"  && jtag_cable_name =~ "Digilent Nexys Video 210276A794FAB"} -index 0
rst -processor
----------------End of Script----------------

20:38:27 INFO  : 'targets -set -filter {jtag_cable_name =~ "Digilent Nexys Video 210276A794FAB" && level==0} -index 0' command is executed.
20:38:27 INFO  : 'fpga -state' command is executed.
20:38:27 INFO  : Connected to target on host '127.0.0.1' and port '3121'.
20:38:27 INFO  : Jtag cable 'Digilent Nexys Video 210276A794FAB' is selected.
20:38:27 INFO  : 'jtag frequency' command is executed.
20:38:27 INFO  : 'configparams mdm-detect-bscan-mask 2' command is executed.
20:38:27 INFO  : Context for processor 'microblaze_0' is selected.
20:38:27 INFO  : Processor reset is completed for 'microblaze_0'.
20:38:27 INFO  : Context for processor 'microblaze_0' is selected.
20:38:27 INFO  : The application 'E:/FPGA_Test/3_Study/nexys_video_microblaze_ov5640_20200321/project_1/project_1.sdk/test/Debug/test.elf' is downloaded to processor 'microblaze_0'.
20:38:27 INFO  : ----------------XSDB Script----------------
connect -url tcp:127.0.0.1:3121
configparams mdm-detect-bscan-mask 2
targets -set -nocase -filter {name =~ "microblaze*#0" && bscan=="USER2"  && jtag_cable_name =~ "Digilent Nexys Video 210276A794FAB"} -index 0
rst -processor
targets -set -nocase -filter {name =~ "microblaze*#0" && bscan=="USER2"  && jtag_cable_name =~ "Digilent Nexys Video 210276A794FAB"} -index 0
dow E:/FPGA_Test/3_Study/nexys_video_microblaze_ov5640_20200321/project_1/project_1.sdk/test/Debug/test.elf
----------------End of Script----------------

20:38:27 INFO  : Context for processor 'microblaze_0' is selected.
20:38:27 INFO  : 'con' command is executed.
20:38:27 INFO  : ----------------XSDB Script (After Launch)----------------
targets -set -nocase -filter {name =~ "microblaze*#0" && bscan=="USER2"  && jtag_cable_name =~ "Digilent Nexys Video 210276A794FAB"} -index 0
con
----------------End of Script----------------

20:38:27 INFO  : Disconnected from the channel tcfchan#3.
20:39:19 INFO  : 'targets -set -filter {jtag_cable_name =~ "Digilent Nexys Video 210276A794FAB" && level==0} -index 0' command is executed.
20:39:19 INFO  : 'fpga -state' command is executed.
20:39:19 INFO  : Connected to target on host '127.0.0.1' and port '3121'.
20:39:19 INFO  : Jtag cable 'Digilent Nexys Video 210276A794FAB' is selected.
20:39:19 INFO  : 'jtag frequency' command is executed.
20:39:19 INFO  : 'configparams mdm-detect-bscan-mask 2' command is executed.
20:39:19 INFO  : Context for processor 'microblaze_0' is selected.
20:39:19 INFO  : Processor reset is completed for 'microblaze_0'.
20:39:19 INFO  : Context for processor 'microblaze_0' is selected.
20:39:19 INFO  : The application 'E:/FPGA_Test/3_Study/nexys_video_microblaze_ov5640_20200321/project_1/project_1.sdk/test/Debug/test.elf' is downloaded to processor 'microblaze_0'.
20:39:19 INFO  : ----------------XSDB Script----------------
connect -url tcp:127.0.0.1:3121
configparams mdm-detect-bscan-mask 2
targets -set -nocase -filter {name =~ "microblaze*#0" && bscan=="USER2"  && jtag_cable_name =~ "Digilent Nexys Video 210276A794FAB"} -index 0
rst -processor
targets -set -nocase -filter {name =~ "microblaze*#0" && bscan=="USER2"  && jtag_cable_name =~ "Digilent Nexys Video 210276A794FAB"} -index 0
dow E:/FPGA_Test/3_Study/nexys_video_microblaze_ov5640_20200321/project_1/project_1.sdk/test/Debug/test.elf
----------------End of Script----------------

20:39:19 INFO  : Context for processor 'microblaze_0' is selected.
20:39:19 INFO  : 'con' command is executed.
20:39:19 INFO  : ----------------XSDB Script (After Launch)----------------
targets -set -nocase -filter {name =~ "microblaze*#0" && bscan=="USER2"  && jtag_cable_name =~ "Digilent Nexys Video 210276A794FAB"} -index 0
con
----------------End of Script----------------

20:39:19 INFO  : Disconnected from the channel tcfchan#4.
20:39:30 INFO  : 'targets -set -filter {jtag_cable_name =~ "Digilent Nexys Video 210276A794FAB" && level==0} -index 0' command is executed.
20:39:30 INFO  : 'fpga -state' command is executed.
20:39:30 INFO  : Connected to target on host '127.0.0.1' and port '3121'.
20:39:30 INFO  : Jtag cable 'Digilent Nexys Video 210276A794FAB' is selected.
20:39:30 INFO  : 'jtag frequency' command is executed.
20:39:30 INFO  : 'configparams mdm-detect-bscan-mask 2' command is executed.
20:39:30 INFO  : Context for processor 'microblaze_0' is selected.
20:39:30 INFO  : Processor reset is completed for 'microblaze_0'.
20:39:30 INFO  : Context for processor 'microblaze_0' is selected.
20:39:30 INFO  : The application 'E:/FPGA_Test/3_Study/nexys_video_microblaze_ov5640_20200321/project_1/project_1.sdk/test/Debug/test.elf' is downloaded to processor 'microblaze_0'.
20:39:30 INFO  : ----------------XSDB Script----------------
connect -url tcp:127.0.0.1:3121
configparams mdm-detect-bscan-mask 2
targets -set -nocase -filter {name =~ "microblaze*#0" && bscan=="USER2"  && jtag_cable_name =~ "Digilent Nexys Video 210276A794FAB"} -index 0
rst -processor
targets -set -nocase -filter {name =~ "microblaze*#0" && bscan=="USER2"  && jtag_cable_name =~ "Digilent Nexys Video 210276A794FAB"} -index 0
dow E:/FPGA_Test/3_Study/nexys_video_microblaze_ov5640_20200321/project_1/project_1.sdk/test/Debug/test.elf
----------------End of Script----------------

20:39:30 INFO  : Context for processor 'microblaze_0' is selected.
20:39:30 INFO  : 'con' command is executed.
20:39:30 INFO  : ----------------XSDB Script (After Launch)----------------
targets -set -nocase -filter {name =~ "microblaze*#0" && bscan=="USER2"  && jtag_cable_name =~ "Digilent Nexys Video 210276A794FAB"} -index 0
con
----------------End of Script----------------

20:39:30 INFO  : Disconnected from the channel tcfchan#5.
20:42:34 INFO  : Connected to target on host '127.0.0.1' and port '3121'.
20:42:36 INFO  : 'targets -set -filter {jtag_cable_name =~ "Digilent Nexys Video 210276A794FAB" && level==0} -index 0' command is executed.
20:42:42 INFO  : FPGA configured successfully with bitstream "E:/FPGA_Test/3_Study/nexys_video_microblaze_ov5640_20200321/project_1/project_1.sdk/design_1_wrapper_hw_platform_0/download.bit"
20:42:56 INFO  : 'targets -set -filter {jtag_cable_name =~ "Digilent Nexys Video 210276A794FAB" && level==0} -index 0' command is executed.
20:42:56 INFO  : 'fpga -state' command is executed.
20:42:56 INFO  : Connected to target on host '127.0.0.1' and port '3121'.
20:42:56 INFO  : Jtag cable 'Digilent Nexys Video 210276A794FAB' is selected.
20:42:56 INFO  : 'jtag frequency' command is executed.
20:42:56 INFO  : 'configparams mdm-detect-bscan-mask 2' command is executed.
20:42:56 INFO  : Context for processor 'microblaze_0' is selected.
20:42:56 INFO  : Processor reset is completed for 'microblaze_0'.
20:42:56 INFO  : Context for processor 'microblaze_0' is selected.
20:42:56 INFO  : The application 'E:/FPGA_Test/3_Study/nexys_video_microblaze_ov5640_20200321/project_1/project_1.sdk/test/Debug/test.elf' is downloaded to processor 'microblaze_0'.
20:42:56 INFO  : ----------------XSDB Script----------------
connect -url tcp:127.0.0.1:3121
configparams mdm-detect-bscan-mask 2
targets -set -nocase -filter {name =~ "microblaze*#0" && bscan=="USER2"  && jtag_cable_name =~ "Digilent Nexys Video 210276A794FAB"} -index 0
rst -processor
targets -set -nocase -filter {name =~ "microblaze*#0" && bscan=="USER2"  && jtag_cable_name =~ "Digilent Nexys Video 210276A794FAB"} -index 0
dow E:/FPGA_Test/3_Study/nexys_video_microblaze_ov5640_20200321/project_1/project_1.sdk/test/Debug/test.elf
----------------End of Script----------------

20:42:56 INFO  : Context for processor 'microblaze_0' is selected.
20:42:56 INFO  : 'con' command is executed.
20:42:56 INFO  : ----------------XSDB Script (After Launch)----------------
targets -set -nocase -filter {name =~ "microblaze*#0" && bscan=="USER2"  && jtag_cable_name =~ "Digilent Nexys Video 210276A794FAB"} -index 0
con
----------------End of Script----------------

20:42:56 INFO  : Disconnected from the channel tcfchan#6.
